  0:00 ------------------------------------------------------------
  0:00 InitGame: \sv_hostname\noname\sv_punkbuster\0\sv_maxRate\0\sv_minPing\0\sv_maxPing\0\sv_floodProtect\1\g_redTeam\Stroggs\g_blueTeam\Pagans\version\Q3 1.32 win-x86 Oct  7 2002\dmflags\0\fraglimit\20\timelimit\0\g_gametype\0\protocol\68\mapname\Q3DM17\sv_privateClients\0\sv_maxclients\8\sv_allowDownload\0\capturelimit\0\gamename\baseq3\g_maxGameClients\0\g_needpass\0
  0:00 ClientConnect: 0
  0:00 ClientUserinfoChanged: 0 n\Wout\t\0\model\slash/default\hmodel\slash/default\g_redteam\\g_blueteam\\c1\7\c2\5\hc\100\w\0\l\0\tt\0\tl\0
  0:00 ClientConnect: 1
  0:00 ClientUserinfoChanged: 1 n\Major\t\0\model\major\hmodel\major\c1\4\c2\5\hc\100\w\0\l\0\skill\    4.00\tt\0\tl\0
  0:00 ClientBegin: 1
  0:00 ClientUserinfoChanged: 0 n\Wout\t\0\model\slash/default\hmodel\slash/default\g_redteam\\g_blueteam\\c1\7\c2\5\hc\100\w\0\l\0\tt\0\tl\0
  0:00 ClientBegin: 0
  0:03 Item: 1 weapon_rocketlauncher
  0:03 Item: 0 ammo_rockets
  0:03 Item: 0 weapon_rocketlauncher
  0:04 Item: 1 ammo_rockets
  0:09 Item: 1 weapon_rocketlauncher
  0:15 Item: 1 item_armor_body
  0:18 Item: 1 item_health_large
  0:22 Item: 1 ammo_slugs
  0:23 Item: 1 ammo_slugs
  0:25 Item: 1 weapon_railgun
  0:27 Item: 1 item_health
  0:31 Item: 1 weapon_rocketlauncher
  0:36 Item: 0 weapon_rocketlauncher
  0:38 Item: 0 ammo_bullets
  0:42 Kill: 1 0 6: Major killed Wout by MOD_ROCKET
  0:44 Item: 1 item_health_large
  0:46 Item: 1 item_armor_body
  0:51 Kill: 1 0 10: Major killed Wout by MOD_RAILGUN
  0:54 Item: 1 ammo_bullets
  0:59 Kill: 1022 0 22: <world> killed Wout by MOD_TRIGGER_HURT
  1:05 Item: 1 weapon_rocketlauncher
  1:07 Item: 1 ammo_rockets
  1:12 Item: 0 weapon_rocketlauncher
  1:15 Item: 0 ammo_rockets
  1:15 Item: 1 weapon_rocketlauncher
  1:17 Item: 1 item_armor_body
  1:22 Item: 1 weapon_rocketlauncher
  1:25 Item: 1 item_health_large
  1:30 Item: 1 item_health_large
  1:33 Kill: 1 0 10: Major killed Wout by MOD_RAILGUN
  1:35 Item: 1 item_health_large
  1:38 Item: 0 weapon_rocketlauncher
  1:41 Item: 1 ammo_slugs
  1:45 Item: 1 item_health
  1:46 Kill: 1 0 10: Major killed Wout by MOD_RAILGUN
  1:49 Item: 1 ammo_bullets
  1:50 Item: 0 weapon_rocketlauncher
  1:52 Item: 0 ammo_rockets
  1:53 Kill: 1 0 10: Major killed Wout by MOD_RAILGUN
  1:54 Item: 1 weapon_rocketlauncher
  1:57 Item: 1 item_armor_shard
  1:57 Item: 1 item_armor_shard
  1:57 Item: 1 item_armor_shard
  1:57 Item: 1 item_armor_combat
  1:58 Item: 0 ammo_rockets
  1:59 Item: 0 weapon_rocketlauncher
  2:00 Item: 1 item_armor_shard
  2:00 Item: 1 item_armor_shard
  2:00 Item: 1 item_armor_shard
  2:04 Item: 1 item_health_large
  2:07 Item: 1 item_armor_body
  2:11 Item: 1 item_health_large
  2:11 Item: 0 item_health_large
  2:17 Kill: 1 0 10: Major killed Wout by MOD_RAILGUN
  2:21 Item: 0 weapon_rocketlauncher
  2:25 Kill: 1 0 10: Major killed Wout by MOD_RAILGUN
  2:27 Item: 1 weapon_rocketlauncher
  2:27 Item: 1 weapon_rocketlauncher
  2:33 Item: 0 weapon_rocketlauncher
  2:34 Item: 1 item_armor_shard
  2:34 Item: 1 item_armor_shard
  2:34 Item: 1 item_armor_shard
  2:34 Item: 1 item_armor_combat
  2:35 Item: 1 weapon_rocketlauncher
  2:37 Item: 1 item_armor_shard
  2:37 Item: 1 item_armor_shard
  2:37 Item: 1 item_armor_shard
  2:39 Item: 0 ammo_bullets
  2:41 Kill: 1 0 7: Major killed Wout by MOD_ROCKET_SPLASH
  2:43 Item: 1 item_health_large
  2:44 Item: 0 ammo_rockets
  2:45 Item: 0 weapon_rocketlauncher
  2:47 Item: 1 weapon_rocketlauncher
  2:54 Item: 0 weapon_rocketlauncher
  2:55 Item: 0 item_armor_body
  2:57 Item: 0 ammo_rockets
  2:58 Item: 0 weapon_rocketlauncher
  3:02 Item: 1 item_health_large
  3:07 Item: 1 item_health_large
  3:10 Kill: 0 1 3: Wout killed Major by MOD_MACHINEGUN
  3:12 Item: 0 weapon_railgun
  3:14 Item: 1 weapon_rocketlauncher
  3:17 Item: 0 weapon_rocketlauncher
  3:20 Item: 1 item_armor_body
  3:26 Item: 0 item_health_large
  3:26 Item: 1 weapon_rocketlauncher
  3:28 Item: 1 ammo_bullets
  3:29 Item: 0 item_armor_shard
  3:29 Item: 0 item_armor_shard
  3:29 Item: 0 item_armor_shard
  3:29 Item: 0 item_armor_combat
  3:31 Kill: 0 1 10: Wout killed Major by MOD_RAILGUN
  3:33 Item: 0 item_armor_shard
  3:33 Item: 0 item_armor_shard
  3:33 Item: 0 item_armor_shard
  3:33 say: Major: Let's see, wout; was that skill or just luck? I'm guessing ... luck.
  3:39 Item: 0 weapon_rocketlauncher
  3:39 Item: 0 ammo_rockets
  3:43 Item: 1 weapon_rocketlauncher
  3:46 Kill: 0 1 6: Wout killed Major by MOD_ROCKET
  3:49 Item: 0 item_health_large
  3:49 Item: 1 ammo_rockets
  3:51 Item: 1 weapon_rocketlauncher
  3:53 Item: 1 ammo_bullets
  3:58 Item: 1 item_armor_body
  4:01 Item: 0 item_health_mega
  4:03 Item: 1 weapon_rocketlauncher
  4:05 Item: 0 weapon_rocketlauncher
  4:06 Item: 1 weapon_rocketlauncher
  4:07 Item: 1 item_health_large
  4:13 Item: 0 item_armor_shard
  4:13 Item: 0 item_armor_shard
  4:13 Item: 0 item_armor_shard
  4:13 Item: 0 item_armor_combat
  4:14 Item: 1 item_armor_shard
  4:14 Item: 1 item_armor_shard
  4:14 Item: 1 item_armor_shard
  4:19 Item: 0 ammo_bullets
  4:32 Kill: 1022 1 22: <world> killed Major by MOD_TRIGGER_HURT
  4:34 Item: 0 item_armor_body
  4:36 Item: 1 ammo_rockets
  4:38 Item: 1 weapon_rocketlauncher
  4:38 Kill: 0 1 7: Wout killed Major by MOD_ROCKET_SPLASH
  4:41 Item: 0 item_health_large
  4:42 Item: 1 weapon_rocketlauncher
  4:46 Item: 0 item_armor_shard
  4:46 Item: 0 item_armor_shard
  4:46 Item: 0 item_armor_shard
  4:46 Item: 0 item_armor_combat
  4:49 Item: 1 weapon_rocketlauncher
  4:49 Item: 1 weapon_rocketlauncher
  4:59 Item: 1 item_armor_body
  5:02 Item: 1 item_health_large
  5:06 Item: 0 item_armor_shard
  5:06 Item: 0 item_armor_shard
  5:06 Item: 0 item_armor_shard
  5:12 Item: 0 weapon_shotgun
  5:14 Item: 1 item_health_large
  5:16 Item: 0 item_health_large
  5:19 Item: 0 ammo_rockets
  5:20 Item: 0 weapon_rocketlauncher
  5:21 Item: 1 ammo_slugs
  5:24 Item: 1 weapon_railgun
  5:25 Item: 1 item_health
  5:27 Item: 1 item_health
  5:27 Kill: 1 0 10: Major killed Wout by MOD_RAILGUN
  5:29 Item: 1 ammo_rockets
  5:31 Item: 1 ammo_bullets
  5:35 Item: 0 weapon_rocketlauncher
  5:36 Item: 1 item_health_large
  5:38 Item: 1 item_armor_body
  5:41 Kill: 1 0 10: Major killed Wout by MOD_RAILGUN
  5:42 Item: 1 weapon_rocketlauncher
  5:43 Item: 1 weapon_railgun
  5:44 Item: 1 ammo_bullets
  5:50 Item: 0 weapon_rocketlauncher
  5:56 Kill: 1022 1 19: <world> killed Major by MOD_FALLING
  5:57 Item: 0 weapon_rocketlauncher
  6:00 Item: 0 item_health_mega
  6:07 Item: 1 item_quad
  6:08 Item: 0 item_armor_shard
  6:08 Item: 0 item_armor_shard
  6:08 Item: 0 item_armor_shard
  6:08 Item: 1 item_armor_body
  6:08 Item: 0 item_armor_combat
  6:12 Item: 0 item_health_large
  6:14 Item: 1 ammo_rockets
  6:15 Item: 1 weapon_rocketlauncher
  6:18 Item: 0 item_armor_shard
  6:18 Item: 0 item_armor_shard
  6:18 Item: 0 item_armor_shard
  6:21 Item: 0 item_health_large
  6:23 Item: 0 weapon_rocketlauncher
  6:32 Item: 1 ammo_bullets
  6:35 Item: 0 weapon_shotgun
  6:40 Item: 1 weapon_rocketlauncher
  6:41 Item: 0 weapon_rocketlauncher
  6:42 Item: 1 item_armor_body
  6:46 Item: 1 item_health_large
  6:49 Item: 0 item_armor_shard
  6:49 Item: 0 item_armor_shard
  6:49 Item: 0 item_armor_shard
  6:50 Item: 0 item_armor_combat
  6:50 Item: 1 ammo_slugs
  6:51 Item: 1 ammo_slugs
  6:54 Item: 1 weapon_railgun
  6:56 Item: 1 item_health
  6:56 Item: 0 item_health_large
  6:57 Kill: 1 0 10: Major killed Wout by MOD_RAILGUN
  6:58 Item: 1 ammo_rockets
  6:59 Item: 1 weapon_rocketlauncher
  7:00 Item: 0 weapon_rocketlauncher
  7:03 Item: 1 weapon_rocketlauncher
  7:05 Item: 0 weapon_rocketlauncher
  7:07 Item: 0 ammo_rockets
  7:14 Item: 0 ammo_bullets
  7:15 Kill: 0 1 3: Wout killed Major by MOD_MACHINEGUN
  7:16 Item: 0 weapon_rocketlauncher
  7:17 say: Major: I have seen better wout, but not many.
  7:17 Item: 0 item_armor_body
  7:20 Item: 0 weapon_rocketlauncher
  7:21 Item: 0 ammo_bullets
  7:28 Item: 1 item_quad
  7:33 Kill: 1022 1 22: <world> killed Major by MOD_TRIGGER_HURT
  7:34 Item: 0 item_armor_shard
  7:34 Item: 0 item_armor_shard
  7:34 Item: 0 item_armor_shard
  7:34 Item: 0 item_armor_combat
  7:36 Item: 1 weapon_rocketlauncher
  7:44 Item: 0 weapon_shotgun
  7:46 Item: 1 item_armor_body
  7:49 Item: 0 weapon_rocketlauncher
  7:50 Item: 1 item_health_large
  7:54 Item: 0 ammo_rockets
  7:55 Item: 0 weapon_rocketlauncher
  7:55 Kill: 1022 1 22: <world> killed Major by MOD_TRIGGER_HURT
  7:56 Item: 0 ammo_bullets
  7:57 say: Major: Well that was friggin' spectacular. Guess I win the prize.
  8:00 Item: 0 item_armor_shard
  8:00 Item: 0 item_armor_shard
  8:00 Item: 0 item_armor_shard
  8:10 Item: 0 weapon_rocketlauncher
  8:11 Kill: 0 1 7: Wout killed Major by MOD_ROCKET_SPLASH
  8:13 Item: 0 ammo_bullets
  8:16 Item: 0 item_health_large
  8:22 Item: 1 item_armor_body
  8:24 Item: 0 weapon_rocketlauncher
  8:24 Item: 0 ammo_rockets
  8:26 Kill: 0 1 7: Wout killed Major by MOD_ROCKET_SPLASH
  8:28 Item: 0 item_health_large
  8:28 say: Major: Owww. Way to go wout That definitely hurt.
  8:30 Item: 1 weapon_rocketlauncher
  8:31 Item: 0 ammo_slugs
  8:32 Item: 0 ammo_slugs
  8:35 Item: 0 weapon_railgun
  8:43 Kill: 1022 1 22: <world> killed Major by MOD_TRIGGER_HURT
  8:48 Item: 0 item_armor_shard
  8:48 Item: 0 item_armor_shard
  8:48 Item: 0 item_armor_shard
  8:48 Item: 0 item_armor_combat
  8:54 Item: 0 item_health_large
  8:54 Kill: 1022 1 22: <world> killed Major by MOD_TRIGGER_HURT
  8:56 Item: 0 item_armor_body
  8:58 Item: 1 weapon_rocketlauncher
  9:06 Item: 0 item_armor_shard
  9:06 Item: 0 item_armor_shard
  9:06 Item: 0 item_armor_shard
  9:11 Kill: 0 1 10: Wout killed Major by MOD_RAILGUN
  9:15 Item: 1 ammo_rockets
  9:15 Item: 1 weapon_rocketlauncher
  9:15 Item: 0 item_health_mega
  9:23 Item: 0 weapon_rocketlauncher
  9:25 Item: 0 ammo_rockets
  9:29 Item: 1 item_armor_shard
  9:29 Item: 1 item_armor_shard
  9:29 Item: 1 item_armor_shard
  9:29 Item: 1 item_armor_combat
  9:30 Item: 0 item_armor_body
  9:31 Item: 1 item_armor_shard
  9:32 Item: 1 item_armor_shard
  9:32 Item: 1 item_armor_shard
  9:32 Item: 0 weapon_rocketlauncher
  9:34 Item: 0 ammo_bullets
  9:34 Item: 1 weapon_shotgun
  9:35 Item: 1 ammo_shells
  9:37 Item: 1 item_health_large
  9:40 Item: 1 weapon_rocketlauncher
  9:49 Kill: 1022 1 22: <world> killed Major by MOD_TRIGGER_HURT
  9:51 say: Major: Grrrrrr.
  9:54 Item: 1 weapon_rocketlauncher
  9:56 Item: 1 ammo_bullets
 10:01 Kill: 1022 1 19: <world> killed Major by MOD_FALLING
 10:04 Item: 0 item_armor_shard
 10:04 Item: 0 item_armor_shard
 10:04 Item: 0 item_armor_shard
 10:04 Item: 0 item_armor_combat
 10:05 Item: 1 ammo_rockets
 10:06 Item: 1 weapon_rocketlauncher
 10:12 Item: 1 weapon_rocketlauncher
 10:13 Item: 0 item_health_large
 10:19 Kill: 0 1 10: Wout killed Major by MOD_RAILGUN
 10:21 say: Major: Well, so much for having a quiet day at home.
 10:22 Item: 0 weapon_rocketlauncher
 10:22 Item: 0 ammo_rockets
 10:27 Item: 0 item_armor_body
 10:27 Item: 1 weapon_rocketlauncher
 10:36 Kill: 1022 1 22: <world> killed Major by MOD_TRIGGER_HURT
 10:40 Item: 1 weapon_rocketlauncher
 10:40 Item: 0 item_armor_shard
 10:40 Item: 0 item_armor_shard
 10:40 Item: 0 item_armor_shard
 10:41 Item: 0 item_armor_combat
 10:49 Kill: 1022 1 22: <world> killed Major by MOD_TRIGGER_HURT
 10:50 Item: 0 item_health_large
 10:51 say: Major: Oh ha ha. What am I ... comic relief?
 10:53 Item: 1 weapon_rocketlauncher
 10:55 Item: 1 ammo_bullets
 10:56 Item: 0 weapon_shotgun
 10:57 Item: 0 ammo_shells
 10:58 Item: 1 item_armor_body
 11:02 Item: 0 item_armor_shard
 11:02 Item: 0 item_armor_shard
 11:02 Item: 0 item_armor_shard
 11:10 Item: 0 ammo_bullets
 11:15 Item: 1 item_quad
 11:21 Item: 0 item_health_large
 11:21 Item: 1 ammo_rockets
 11:22 Kill: 0 1 7: Wout killed Major by MOD_ROCKET_SPLASH
 11:25 Item: 0 item_quad
 11:25 Item: 0 weapon_rocketlauncher
 11:25 Item: 0 weapon_rocketlauncher
 11:25 Item: 1 ammo_rockets
 11:27 Item: 1 weapon_rocketlauncher
 11:27 Item: 0 item_armor_body
 11:32 Kill: 0 1 7: Wout killed Major by MOD_ROCKET_SPLASH
 11:34 say: Major: I never saw that one coming wout.
 11:34 Item: 0 item_health_large
 11:36 Item: 1 weapon_rocketlauncher
 11:38 Item: 0 item_armor_shard
 11:38 Item: 0 item_armor_shard
 11:38 Item: 0 item_armor_shard
 11:38 Item: 0 item_armor_combat
 11:39 Item: 1 ammo_bullets
 11:44 Item: 0 item_armor_shard
 11:44 Item: 0 item_armor_shard
 11:44 Item: 0 item_armor_shard
 11:46 Kill: 1022 1 22: <world> killed Major by MOD_TRIGGER_HURT
 11:47 Item: 0 weapon_rocketlauncher
 11:51 Item: 1 weapon_rocketlauncher
 11:52 Item: 0 weapon_rocketlauncher
 11:55 Item: 0 item_armor_body
 11:56 Item: 0 ammo_slugs
 11:57 Item: 0 ammo_slugs
 11:58 Item: 1 ammo_bullets
 12:06 Kill: 1022 1 19: <world> killed Major by MOD_FALLING
 12:08 Item: 0 item_armor_combat
 12:10 Item: 1 weapon_rocketlauncher
 12:11 Item: 1 ammo_rockets
 12:23 Item: 1 item_quad
 12:24 Item: 0 ammo_bullets
 12:28 Kill: 0 1 3: Wout killed Major by MOD_MACHINEGUN
 12:32 Item: 0 item_health_large
 12:35 Item: 0 item_armor_body
 12:37 Item: 0 item_health_mega
 12:42 Item: 0 weapon_rocketlauncher
 12:43 Kill: 0 1 3: Wout killed Major by MOD_MACHINEGUN
 12:46 Item: 1 weapon_rocketlauncher
 12:59 Item: 1 ammo_slugs
 13:01 Kill: 0 1 10: Wout killed Major by MOD_RAILGUN
 13:05 Item: 1 weapon_rocketlauncher
 13:07 Item: 1 item_armor_body
 13:10 Item: 0 item_armor_shard
 13:10 Item: 0 item_armor_shard
 13:10 Item: 0 item_armor_shard
 13:11 Item: 0 item_armor_combat
 13:11 Item: 1 item_health_large
 13:13 Item: 0 ammo_bullets
 13:20 Item: 1 item_quad
 13:30 Item: 0 weapon_rocketlauncher
 13:30 Kill: 0 1 7: Wout killed Major by MOD_ROCKET_SPLASH
 13:31 Item: 0 item_quad
 13:34 Item: 0 item_armor_body
 13:34 Item: 1 ammo_rockets
 13:35 Item: 1 weapon_rocketlauncher
 13:42 Item: 1 ammo_slugs
 13:43 Item: 1 ammo_slugs
 13:47 Item: 0 item_armor_shard
 13:47 Item: 0 item_armor_shard
 13:47 Item: 0 item_armor_shard
 13:47 Item: 0 item_armor_combat
 13:49 Item: 1 weapon_rocketlauncher
 13:54 Item: 1 weapon_rocketlauncher
 13:56 Item: 1 ammo_rockets
 13:57 Item: 0 ammo_bullets
 14:00 Item: 1 ammo_bullets
 14:04 Item: 1 item_health_large
 14:06 Item: 1 ammo_shells
 14:08 Item: 0 item_armor_shard
 14:08 Item: 0 item_armor_shard
 14:08 Item: 0 item_armor_shard
 14:12 Item: 1 ammo_shells
 14:14 Item: 1 item_health_large
 14:17 Item: 1 weapon_shotgun
 14:18 ShutdownGame:
 14:18 ------------------------------------------------------------
  0:00 ------------------------------------------------------------
  0:00 InitGame: \g_maxGameClients\0\capturelimit\0\sv_maxclients\8\timelimit\0\fraglimit\20\dmflags\0\g_blueTeam\Pagans\g_redTeam\Stroggs\sv_floodProtect\1\sv_maxPing\0\sv_minPing\0\sv_maxRate\0\sv_punkbuster\0\sv_hostname\noname\version\Q3 1.32 win-x86 Oct  7 2002\g_gametype\0\protocol\68\mapname\Q3DM17\sv_privateClients\0\sv_allowDownload\0\gamename\baseq3\g_needpass\0
  0:00 ClientConnect: 0
  0:00 ClientUserinfoChanged: 0 n\Wout\t\0\model\slash/default\hmodel\slash/default\g_redteam\\g_blueteam\\c1\7\c2\5\hc\100\w\0\l\0\tt\0\tl\0
  0:00 ClientConnect: 1
  0:00 ClientUserinfoChanged: 1 n\Major\t\0\model\major\hmodel\major\c1\4\c2\5\hc\100\w\0\l\0\skill\    4.00\tt\0\tl\0
  0:00 ClientBegin: 1
  0:00 ClientUserinfoChanged: 0 n\Wout\t\0\model\slash/default\hmodel\slash/default\g_redteam\\g_blueteam\\c1\7\c2\5\hc\100\w\0\l\0\tt\0\tl\0
  0:00 ClientBegin: 0
  0:02 Item: 1 weapon_rocketlauncher
  0:03 Item: 1 ammo_rockets
  0:08 Kill: 1022 0 22: <world> killed Wout by MOD_TRIGGER_HURT
  0:12 Item: 1 weapon_rocketlauncher
  0:14 Item: 1 item_armor_body
  0:17 Item: 1 ammo_slugs
  0:17 Item: 0 weapon_rocketlauncher
  0:19 Item: 0 ammo_bullets
  0:28 Item: 1 item_health_large
  0:31 Kill: 1022 0 22: <world> killed Wout by MOD_TRIGGER_HURT
  0:31 Item: 1 weapon_shotgun
  0:31 Item: 1 ammo_shells
  0:33 Item: 0 ammo_rockets
  0:34 Item: 0 weapon_rocketlauncher
  0:35 Item: 0 ammo_bullets
  0:40 Item: 1 item_armor_body
  0:44 Item: 1 item_health_large
  0:50 ShutdownGame:
  0:50 ------------------------------------------------------------
  0:00 ------------------------------------------------------------
  0:00 InitGame: \sv_hostname\noname\sv_punkbuster\0\sv_maxRate\0\sv_minPing\0\sv_maxPing\0\sv_floodProtect\1\g_redTeam\Stroggs\g_blueTeam\Pagans\dmflags\0\fraglimit\20\timelimit\0\sv_maxclients\8\capturelimit\0\g_maxGameClients\0\version\Q3 1.32 win-x86 Oct  7 2002\g_gametype\0\protocol\68\mapname\Q3DM17\sv_privateClients\0\sv_allowDownload\0\gamename\baseq3\g_needpass\0
  0:00 ClientConnect: 0
  0:00 ClientUserinfoChanged: 0 n\Wout\t\0\model\slash/default\hmodel\slash/default\g_redteam\\g_blueteam\\c1\7\c2\5\hc\100\w\0\l\0\tt\0\tl\0
  0:00 ClientConnect: 1
  0:00 ClientUserinfoChanged: 1 n\Major\t\0\model\major\hmodel\major\c1\4\c2\5\hc\100\w\0\l\0\skill\    4.00\tt\0\tl\0
  0:00 ClientBegin: 1
  0:00 ClientUserinfoChanged: 0 n\Wout\t\0\model\slash/default\hmodel\slash/default\g_redteam\\g_blueteam\\c1\7\c2\5\hc\100\w\0\l\0\tt\0\tl\0
  0:00 ClientBegin: 0
  0:02 Item: 1 weapon_rocketlauncher
  0:03 Item: 0 weapon_rocketlauncher
  0:03 Item: 0 ammo_rockets
  0:06 Item: 1 item_health_large
  0:09 Item: 0 item_armor_body
  0:15 Item: 0 weapon_rocketlauncher
  0:17 Item: 1 item_health_large
  0:21 Item: 1 ammo_slugs
  0:21 Item: 1 ammo_slugs
  0:23 Kill: 0 1 3: Wout killed Major by MOD_MACHINEGUN
  0:25 Item: 0 weapon_rocketlauncher
  0:30 Item: 1 weapon_rocketlauncher
  0:31 Item: 1 ammo_rockets
  0:34 Item: 0 item_armor_shard
  0:34 Item: 0 item_armor_shard
  0:34 Item: 0 item_armor_shard
  0:35 Item: 0 item_armor_combat
  0:36 Item: 1 item_health_large
  0:38 Item: 1 weapon_rocketlauncher
  0:43 Item: 0 ammo_bullets
  0:45 Item: 1 item_armor_body
  0:50 Kill: 0 1 3: Wout killed Major by MOD_MACHINEGUN
  0:52 Item: 0 item_armor_shard
  0:52 Item: 0 item_armor_shard
  0:52 Item: 0 item_armor_shard
  0:57 Item: 0 ammo_bullets
  0:59 Item: 1 item_quad
  1:04 Kill: 0 1 3: Wout killed Major by MOD_MACHINEGUN
  1:06 Item: 0 item_health_large
  1:06 say: Major: I never saw that one coming wout.
  1:07 Item: 0 item_quad
  1:08 Item: 1 weapon_rocketlauncher
  1:10 Item: 0 weapon_rocketlauncher
  1:14 Item: 1 item_health_large
  1:16 Item: 1 ammo_shells
  1:17 Item: 0 item_armor_shard
  1:17 Item: 0 item_armor_shard
  1:17 Item: 0 item_armor_shard
  1:17 Item: 0 item_armor_combat
  1:19 Item: 1 item_armor_shard
  1:19 Item: 1 item_armor_shard
  1:19 Item: 1 item_armor_shard
  1:25 Item: 0 weapon_rocketlauncher
  1:32 Kill: 0 1 6: Wout killed Major by MOD_ROCKET
  1:33 Item: 0 ammo_bullets
  1:34 say: Major: Let's see, wout; was that skill or just luck? I'm guessing ... luck.
  1:36 Item: 0 item_armor_body
  1:43 Item: 0 weapon_rocketlauncher
  1:46 Kill: 0 1 3: Wout killed Major by MOD_MACHINEGUN
  1:50 Item: 1 ammo_rockets
  1:51 Item: 1 weapon_rocketlauncher
  1:54 Item: 0 item_armor_shard
  1:54 Item: 0 item_armor_shard
  1:54 Item: 0 item_armor_shard
  1:54 Item: 0 item_armor_combat
  1:58 Item: 0 ammo_bullets
  2:00 Item: 1 item_quad
  2:06 Kill: 0 1 3: Wout killed Major by MOD_MACHINEGUN
  2:08 say: Major: Mmmmmmm. Was it good for you too, wout?
  2:08 Item: 0 weapon_rocketlauncher
  2:10 Item: 0 item_quad
  2:11 Item: 0 item_armor_body
  2:12 Item: 0 ammo_rockets
  2:13 Item: 0 weapon_rocketlauncher
  2:18 Kill: 0 1 3: Wout killed Major by MOD_MACHINEGUN
  2:22 Item: 1 weapon_rocketlauncher
  2:22 Item: 0 ammo_bullets
  2:25 Kill: 0 1 3: Wout killed Major by MOD_MACHINEGUN
  2:27 Item: 0 item_health_large
  2:29 Item: 1 weapon_rocketlauncher
  2:33 Kill: 0 1 3: Wout killed Major by MOD_MACHINEGUN
  2:35 say: Major: Let's see, wout; was that skill or just luck? I am guessing ... luck.
  2:37 Item: 0 item_armor_shard
  2:37 Item: 0 item_armor_shard
  2:37 Item: 0 item_armor_shard
  2:37 Item: 0 item_armor_combat
  2:37 Item: 1 weapon_rocketlauncher
  2:40 Item: 0 item_health_large
  2:42 Item: 0 item_armor_body
  2:42 Item: 1 weapon_rocketlauncher
  2:47 Item: 0 weapon_rocketlauncher
  2:47 Item: 0 ammo_rockets
  2:51 Kill: 1022 1 22: <world> killed Major by MOD_TRIGGER_HURT
  2:52 Item: 0 ammo_bullets
  2:56 Item: 1 weapon_rocketlauncher
  3:01 Item: 1 item_health_large
  3:09 Item: 0 weapon_rocketlauncher
  3:14 Kill: 1022 1 22: <world> killed Major by MOD_TRIGGER_HURT
  3:17 Item: 0 item_armor_shard
  3:17 Item: 0 item_armor_shard
  3:17 Item: 0 item_armor_shard
  3:17 Item: 0 item_armor_combat
  3:18 Item: 1 weapon_rocketlauncher
  3:21 Item: 0 ammo_bullets
  3:26 Item: 0 weapon_rocketlauncher
  3:26 Item: 0 ammo_rockets
  3:34 Kill: 0 1 3: Wout killed Major by MOD_MACHINEGUN
  3:39 Item: 0 item_health_mega
  3:41 Item: 0 weapon_rocketlauncher
  3:44 Kill: 0 1 3: Wout killed Major by MOD_MACHINEGUN
  3:47 Item: 0 item_armor_body
  3:48 Item: 1 weapon_rocketlauncher
  3:49 Item: 0 ammo_rockets
  3:50 Item: 0 weapon_rocketlauncher
  3:51 Item: 0 ammo_bullets
  3:59 Item: 1 item_quad
  4:01 Kill: 1022 1 19: <world> killed Major by MOD_FALLING
  4:04 Item: 0 item_armor_shard
  4:04 Item: 0 item_armor_shard
  4:05 Item: 0 item_armor_shard
  4:05 Item: 0 item_armor_combat
  4:05 Item: 1 weapon_rocketlauncher
  4:09 Item: 0 ammo_bullets
  4:10 Item: 1 weapon_rocketlauncher
  4:21 Kill: 0 1 3: Wout killed Major by MOD_MACHINEGUN
  4:25 Item: 0 item_armor_body
  4:26 Item: 1 ammo_rockets
  4:27 Item: 1 weapon_rocketlauncher
  4:31 Item: 1 weapon_rocketlauncher
  4:32 Item: 0 weapon_rocketlauncher
  4:34 Item: 1 item_health_large
  4:38 Kill: 0 1 7: Wout killed Major by MOD_ROCKET_SPLASH
  4:40 Item: 0 weapon_rocketlauncher
  4:42 Item: 0 ammo_bullets
  4:43 Item: 1 weapon_rocketlauncher
  4:54 Kill: 1022 1 19: <world> killed Major by MOD_FALLING
  4:55 Item: 0 item_armor_shard
  4:55 Item: 0 item_armor_shard
  4:55 Item: 0 item_armor_shard
  4:55 Item: 0 item_armor_combat
  4:57 Item: 1 ammo_rockets
  4:59 Item: 0 ammo_bullets
  5:01 Item: 1 weapon_rocketlauncher
  5:03 Item: 1 item_armor_body
  5:16 Item: 1 item_quad
  5:16 Item: 0 ammo_slugs
  5:17 Item: 0 ammo_slugs
  5:21 Item: 0 weapon_railgun
  5:31 Item: 1 item_health_large
  5:31 Item: 0 item_armor_shard
  5:31 Item: 0 item_armor_shard
  5:32 Item: 0 item_armor_shard
  5:32 Item: 0 item_armor_combat
  5:36 Item: 1 item_armor_body
  5:40 Item: 1 item_health_large
  5:45 Item: 0 weapon_rocketlauncher
  5:47 Item: 1 weapon_railgun
  5:48 Item: 1 item_health
  5:51 Item: 0 weapon_rocketlauncher
  5:52 Item: 0 ammo_rockets
  5:52 Kill: 1 0 10: Major killed Wout by MOD_RAILGUN
  5:54 Item: 1 weapon_rocketlauncher
  5:58 ShutdownGame:
  5:58 ------------------------------------------------------------
  0:00 ------------------------------------------------------------
  0:00 InitGame: \g_maxGameClients\0\capturelimit\0\sv_maxclients\8\timelimit\0\fraglimit\20\dmflags\0\g_blueTeam\Pagans\g_redTeam\Stroggs\sv_floodProtect\1\sv_maxPing\0\sv_minPing\0\sv_maxRate\0\sv_punkbuster\0\sv_hostname\noname\version\Q3 1.32 win-x86 Oct  7 2002\g_gametype\0\protocol\68\mapname\Q3DM17\sv_privateClients\0\sv_allowDownload\0\gamename\baseq3\g_needpass\0
  0:00 ClientConnect: 0
  0:00 ClientUserinfoChanged: 0 n\Wout\t\0\model\slash/default\hmodel\slash/default\g_redteam\\g_blueteam\\c1\7\c2\5\hc\100\w\0\l\0\tt\0\tl\0
  0:00 ClientConnect: 1
  0:00 ClientUserinfoChanged: 1 n\Major\t\0\model\major\hmodel\major\c1\4\c2\5\hc\100\w\0\l\0\skill\    5.00\tt\0\tl\0
  0:00 ClientBegin: 1
  0:00 ClientUserinfoChanged: 0 n\Wout\t\0\model\slash/default\hmodel\slash/default\g_redteam\\g_blueteam\\c1\7\c2\5\hc\100\w\0\l\0\tt\0\tl\0
  0:00 ClientBegin: 0
  0:02 Item: 0 weapon_rocketlauncher
  0:02 Item: 1 weapon_rocketlauncher
  0:03 Item: 0 ammo_rockets
  0:06 Item: 0 item_armor_body
  0:08 Item: 0 item_health_mega
  0:09 Item: 1 ammo_bullets
  0:12 Item: 0 weapon_rocketlauncher
  0:13 Item: 1 item_health_large
  0:15 Item: 1 ammo_shells
  0:15 Item: 1 weapon_shotgun
  0:18 Item: 0 item_armor_shard
  0:18 Item: 0 item_armor_shard
  0:18 Item: 0 item_armor_shard
  0:18 Item: 0 item_armor_combat
  0:18 Item: 1 item_armor_shard
  0:19 Item: 1 item_armor_shard
  0:19 Item: 1 item_armor_shard
  0:22 Item: 1 item_health_large
  0:23 Kill: 1 0 3: Major killed Wout by MOD_MACHINEGUN
  0:25 Item: 1 ammo_shells
  0:25 Item: 1 weapon_shotgun
  0:30 Item: 1 weapon_rocketlauncher
  0:34 Item: 1 item_health_large
  0:41 Item: 0 weapon_rocketlauncher
  0:42 Item: 1 item_armor_body
  0:44 Item: 0 ammo_rockets
  0:45 Kill: 0 1 7: Wout killed Major by MOD_ROCKET_SPLASH
  0:49 Item: 1 weapon_rocketlauncher
  0:52 Item: 0 item_health_large
  0:57 Item: 0 item_armor_shard
  0:57 Item: 0 item_armor_shard
  0:57 Item: 0 item_armor_shard
  0:57 Item: 0 item_armor_combat
  0:59 Item: 1 item_quad
  1:00 Item: 0 item_health_large
  1:02 Kill: 1 0 3: Major killed Wout by MOD_MACHINEGUN
  1:09 Item: 1 ammo_bullets
  1:12 Kill: 1 0 3: Major killed Wout by MOD_MACHINEGUN
  1:19 Item: 1 item_armor_shard
  1:19 Item: 1 item_armor_shard
  1:19 Item: 1 item_armor_shard
  1:19 Item: 0 weapon_rocketlauncher
  1:22 Kill: 1 0 3: Major killed Wout by MOD_MACHINEGUN
  1:23 ShutdownGame:
  1:23 ------------------------------------------------------------
  0:00 ------------------------------------------------------------
  0:00 InitGame: \sv_hostname\noname\sv_punkbuster\0\sv_maxRate\0\sv_minPing\0\sv_maxPing\0\sv_floodProtect\1\g_redTeam\Stroggs\g_blueTeam\Pagans\dmflags\0\fraglimit\20\timelimit\0\sv_maxclients\8\capturelimit\0\g_maxGameClients\0\version\Q3 1.32 win-x86 Oct  7 2002\g_gametype\0\protocol\68\mapname\Q3DM17\sv_privateClients\0\sv_allowDownload\0\gamename\baseq3\g_needpass\0
  0:00 ClientConnect: 0
  0:00 ClientUserinfoChanged: 0 n\Wout\t\0\model\slash/default\hmodel\slash/default\g_redteam\\g_blueteam\\c1\7\c2\5\hc\100\w\0\l\0\tt\0\tl\0
  0:00 ClientConnect: 1
  0:00 ClientUserinfoChanged: 1 n\Major\t\0\model\major\hmodel\major\c1\4\c2\5\hc\100\w\0\l\0\skill\    4.00\tt\0\tl\0
  0:00 ClientBegin: 1
  0:00 ShutdownGame:
  0:00 ------------------------------------------------------------
  0:00 ------------------------------------------------------------
  0:00 InitGame: \g_maxGameClients\0\capturelimit\0\sv_maxclients\8\timelimit\0\fraglimit\20\dmflags\0\g_blueTeam\Pagans\g_redTeam\Stroggs\sv_floodProtect\1\sv_maxPing\0\sv_minPing\0\sv_maxRate\0\sv_punkbuster\0\sv_hostname\noname\version\Q3 1.32 win-x86 Oct  7 2002\g_gametype\0\protocol\68\mapname\Q3DM17\sv_privateClients\0\sv_allowDownload\0\gamename\baseq3\g_needpass\0
  0:00 ClientConnect: 0
  0:00 ClientUserinfoChanged: 0 n\Wout\t\0\model\slash/default\hmodel\slash/default\g_redteam\\g_blueteam\\c1\7\c2\5\hc\100\w\0\l\0\tt\0\tl\0
  0:00 ClientConnect: 1
  0:00 ClientUserinfoChanged: 1 n\Major\t\0\model\major\hmodel\major\c1\4\c2\5\hc\100\w\0\l\0\skill\    4.00\tt\0\tl\0
  0:00 ClientBegin: 1
  0:00 ClientUserinfoChanged: 0 n\Wout\t\0\model\slash/default\hmodel\slash/default\g_redteam\\g_blueteam\\c1\7\c2\5\hc\100\w\0\l\0\tt\0\tl\0
  0:00 ClientBegin: 0
  0:03 Item: 1 item_armor_body
  0:07 Item: 1 ammo_rockets
  0:09 Item: 1 weapon_rocketlauncher
  0:10 Kill: 1 0 6: Major killed Wout by MOD_ROCKET
  0:13 Item: 1 item_health_large
  0:19 Item: 1 item_armor_shard
  0:19 Item: 1 item_armor_shard
  0:19 Item: 1 item_armor_shard
  0:19 Item: 1 item_armor_combat
  0:24 Item: 0 ammo_bullets
  0:28 Item: 1 item_armor_shard
  0:28 Item: 1 item_armor_shard
  0:28 Item: 1 item_armor_shard
  0:32 Kill: 0 1 3: Wout killed Major by MOD_MACHINEGUN
  0:32 Item: 0 item_health_large
  0:34 Item: 0 weapon_rocketlauncher
  0:34 say: Major: Did that make you feel like a big Warrior wout.
  0:34 Item: 0 ammo_rockets
  0:36 Item: 1 weapon_rocketlauncher
  0:36 Item: 0 item_armor_body
  0:42 Item: 0 ammo_bullets
  0:44 Item: 1 ammo_slugs
  0:46 Item: 1 weapon_railgun
  0:48 Item: 1 item_health
  0:51 Kill: 1 0 10: Major killed Wout by MOD_RAILGUN
  0:51 Item: 1 ammo_rockets
  0:51 Item: 1 weapon_rocketlauncher
  0:55 Item: 1 ammo_slugs
  0:57 Kill: 0 1 3: Wout killed Major by MOD_MACHINEGUN
  0:59 Item: 0 weapon_rocketlauncher
  1:00 Item: 1 weapon_rocketlauncher
  1:03 Item: 0 weapon_railgun
  1:09 Item: 1 item_armor_body
  1:15 Item: 1 weapon_railgun
  1:16 Kill: 1 0 10: Major killed Wout by MOD_RAILGUN
  1:19 Item: 0 weapon_rocketlauncher
  1:23 Kill: 1 0 10: Major killed Wout by MOD_RAILGUN
  1:24 Item: 1 weapon_rocketlauncher
  1:34 Item: 1 ammo_bullets
  1:35 Item: 0 item_health_large
  1:37 Item: 1 ammo_rockets
  1:37 Item: 1 weapon_railgun
  1:40 Kill: 1 0 6: Major killed Wout by MOD_ROCKET
  1:41 Item: 1 item_health_large
  1:44 Item: 1 item_armor_body
  1:48 Item: 0 weapon_rocketlauncher
  1:49 Item: 1 ammo_rockets
  1:53 Item: 0 weapon_rocketlauncher
  1:55 Item: 1 item_health_large
  1:56 Kill: 1 0 10: Major killed Wout by MOD_RAILGUN
  2:00 Item: 0 weapon_rocketlauncher
  2:03 Kill: 0 1 3: Wout killed Major by MOD_MACHINEGUN
  2:05 say: Major: Owww. Way to go wout That definitely hurt.
  2:06 Item: 0 weapon_railgun
  2:07 Item: 1 weapon_rocketlauncher
  2:12 Item: 0 item_health_large
  2:12 Item: 1 item_armor_body
  2:18 Item: 0 weapon_rocketlauncher
  2:22 Kill: 0 1 10: Wout killed Major by MOD_RAILGUN
  2:26 Item: 0 item_armor_shard
  2:26 Item: 0 item_armor_shard
  2:26 Item: 1 ammo_rockets
  2:26 Item: 0 item_armor_shard
  2:26 Item: 0 item_armor_combat
  2:27 Item: 1 weapon_rocketlauncher
  2:29 Item: 0 item_health_large
  2:34 Item: 0 weapon_rocketlauncher
  2:35 Kill: 1022 1 22: <world> killed Major by MOD_TRIGGER_HURT
  2:39 Item: 1 weapon_rocketlauncher
  2:46 Item: 0 weapon_rocketlauncher
  2:47 Item: 0 ammo_rockets
  2:50 Kill: 0 1 3: Wout killed Major by MOD_MACHINEGUN
  2:52 say: Major: That was definitely ... um ... pretty good, wout. Ok?
  2:53 Item: 0 ammo_bullets
  2:54 Item: 1 weapon_rocketlauncher
  2:57 Item: 1 item_armor_body
  3:08 Item: 1 item_quad
  3:17 Kill: 0 1 3: Wout killed Major by MOD_MACHINEGUN
  3:20 Item: 0 item_health_large
  3:20 say: Major: Did that make you feel like a big Warrior wout.
  3:21 Item: 0 item_quad
  3:22 Item: 0 weapon_rocketlauncher
  3:25 Kill: 0 1 3: Wout killed Major by MOD_MACHINEGUN
  3:29 Item: 1 weapon_rocketlauncher
  3:29 Kill: 0 1 3: Wout killed Major by MOD_MACHINEGUN
  3:31 Item: 0 item_armor_shard
  3:31 Item: 0 item_armor_shard
  3:31 Item: 0 item_armor_shard
  3:31 Item: 0 item_armor_combat
  3:35 Item: 1 weapon_rocketlauncher
  3:37 Item: 1 item_armor_body
  3:38 Item: 0 weapon_rocketlauncher
  3:38 Item: 0 weapon_rocketlauncher
  3:41 Item: 1 item_health_large
  3:41 Item: 0 ammo_rockets
  3:46 Item: 0 ammo_bullets
  3:49 Item: 0 item_armor_shard
  3:49 Item: 0 item_armor_shard
  3:49 Item: 0 item_armor_shard
  3:59 Item: 0 weapon_rocketlauncher
  3:59 Item: 0 ammo_rockets
  4:00 Item: 1 item_health_large
  4:01 Item: 0 ammo_bullets
  4:03 Item: 1 ammo_shells
  4:03 Item: 1 weapon_shotgun
  4:08 Item: 0 item_armor_shard
  4:08 Item: 0 item_armor_shard
  4:08 Item: 0 item_armor_shard
  4:08 Item: 0 item_armor_combat
  4:18 Kill: 0 1 3: Wout killed Major by MOD_MACHINEGUN
  4:22 Item: 1 weapon_rocketlauncher
  4:22 Item: 0 item_armor_body
  4:25 Item: 0 item_health_mega
  4:30 Item: 0 weapon_rocketlauncher
  4:30 Item: 1 ammo_slugs
  4:31 Item: 1 ammo_slugs
  4:34 Item: 1 weapon_railgun
  4:35 Item: 1 item_health
  4:35 Item: 0 weapon_rocketlauncher
  4:37 Kill: 1 0 10: Major killed Wout by MOD_RAILGUN
  4:37 Item: 1 item_health
  4:40 Item: 1 ammo_rockets
  4:45 Kill: 0 1 3: Wout killed Major by MOD_MACHINEGUN
  4:45 Item: 0 weapon_rocketlauncher
  4:46 Item: 0 ammo_rockets
  4:47 say: Major: I am not impressed, wout.
  4:48 Item: 0 ammo_bullets
  4:50 Item: 1 item_armor_body
  4:54 Item: 0 item_health_large
  4:55 Item: 1 weapon_rocketlauncher
  4:58 Item: 0 weapon_rocketlauncher
  5:02 Item: 1 weapon_rocketlauncher
  5:07 Item: 1 item_health_large
  5:12 Item: 0 weapon_rocketlauncher
  5:15 Item: 1 item_health_large
  5:16 Item: 0 item_armor_shard
  5:16 Item: 0 item_armor_shard
  5:16 Item: 0 item_armor_shard
  5:17 Item: 0 item_armor_combat
  5:18 Item: 1 weapon_shotgun
  5:19 Item: 1 ammo_shells
  5:20 Item: 0 item_armor_body
  5:22 Item: 1 item_armor_shard
  5:22 Item: 1 item_armor_shard
  5:22 Item: 1 item_armor_shard
  5:23 Item: 0 item_health_mega
  5:26 Item: 1 item_health_large
  5:29 Item: 0 ammo_bullets
  5:29 Kill: 1022 1 22: <world> killed Major by MOD_TRIGGER_HURT
  5:31 say: Major: Oh ha ha. What am I ... comic relief?
  5:33 Item: 1 ammo_rockets
  5:33 Item: 1 weapon_rocketlauncher
  5:45 Item: 1 item_quad
  5:46 Item: 0 weapon_rocketlauncher
  5:46 Item: 0 ammo_rockets
  5:46 Kill: 0 1 7: Wout killed Major by MOD_ROCKET_SPLASH
  5:48 Item: 0 item_quad
  5:48 Item: 0 item_armor_body
  5:51 Item: 0 weapon_rocketlauncher
  6:04 Item: 0 item_armor_shard
  6:04 Item: 0 item_armor_shard
  6:04 Item: 0 item_armor_shard
  6:04 Item: 0 item_armor_combat
  6:08 Item: 0 weapon_rocketlauncher
  6:10 Item: 0 ammo_bullets
  6:13 Kill: 0 1 3: Wout killed Major by MOD_MACHINEGUN
  6:14 Item: 0 item_armor_shard
  6:14 Item: 0 item_armor_shard
  6:15 Item: 0 item_armor_shard
  6:17 Item: 1 weapon_rocketlauncher
  6:19 Item: 1 item_armor_body
  6:30 Item: 0 weapon_rocketlauncher
  6:30 Item: 0 ammo_rockets
  6:31 Item: 1 item_quad
  6:36 Item: 0 weapon_rocketlauncher
  6:41 Kill: 0 1 7: Wout killed Major by MOD_ROCKET_SPLASH
  6:42 Item: 0 item_health_large
  6:43 say: Major: kool. Show me how you did that wout.
  6:45 Item: 0 item_armor_shard
  6:45 Item: 0 item_armor_shard
  6:45 Item: 0 item_armor_shard
  6:45 Item: 1 item_armor_body
  6:45 Item: 0 item_armor_combat
  6:48 Item: 0 item_health_large
  6:50 Item: 0 weapon_rocketlauncher
  6:50 Item: 1 weapon_rocketlauncher
  6:52 Item: 0 ammo_bullets
  6:54 Item: 1 item_quad
  7:00 Item: 0 item_armor_shard
  7:00 Item: 0 item_armor_shard
  7:00 Item: 0 item_armor_shard
  7:03 Kill: 0 1 6: Wout killed Major by MOD_ROCKET
  7:06 Item: 0 ammo_bullets
  7:06 Item: 1 ammo_rockets
  7:07 Item: 1 weapon_rocketlauncher
  7:18 Item: 1 item_quad
  7:23 Item: 1 item_armor_body
  7:27 Item: 0 item_armor_shard
  7:27 Item: 0 item_armor_shard
  7:27 Item: 0 item_armor_shard
  7:27 Item: 0 item_armor_combat
  7:30 Item: 0 item_health_large
  7:31 Item: 1 weapon_rocketlauncher
  7:31 Item: 1 ammo_rockets
  7:32 Item: 0 weapon_rocketlauncher
  7:38 Kill: 0 1 7: Wout killed Major by MOD_ROCKET_SPLASH
  7:41 say: Major: Cool. Show me how you did that wout.
  7:41 Item: 0 item_armor_shard
  7:41 Item: 0 item_armor_shard
  7:41 Item: 0 item_armor_shard
  7:46 Item: 1 weapon_rocketlauncher
  7:50 Item: 1 item_armor_body
  7:52 Item: 0 weapon_rocketlauncher
  7:55 Item: 0 ammo_bullets
  8:03 Item: 1 item_quad
  8:08 Kill: 0 1 7: Wout killed Major by MOD_ROCKET_SPLASH
  8:10 Item: 0 item_armor_shard
  8:10 Item: 0 item_armor_shard
  8:10 Item: 0 item_armor_shard
  8:11 Item: 0 item_armor_combat
  8:12 Item: 1 weapon_rocketlauncher
  8:14 Item: 0 ammo_bullets
  8:16 Item: 1 ammo_rockets
  8:16 Kill: 0 1 7: Wout killed Major by MOD_ROCKET_SPLASH
  8:22 Item: 1 item_quad
  8:26 Item: 1 weapon_rocketlauncher
  8:28 Item: 1 item_armor_body
  8:31 Item: 0 weapon_rocketlauncher
  8:31 Item: 0 weapon_rocketlauncher
  8:34 Item: 1 item_health_large
  8:41 Kill: 1022 0 22: <world> killed Wout by MOD_TRIGGER_HURT
  8:49 Kill: 0 1 3: Wout killed Major by MOD_MACHINEGUN
  8:52 Item: 0 ammo_bullets
  8:52 Item: 1 ammo_rockets
  8:54 Item: 1 weapon_rocketlauncher
  8:56 Item: 1 item_armor_body
  9:03 Item: 0 item_health_large
  9:10 Item: 1 item_quad
  9:14 Kill: 0 1 3: Wout killed Major by MOD_MACHINEGUN
  9:16 say: Major: that is right wout, pick on the girl.
  9:16 Item: 0 item_armor_shard
  9:16 Item: 0 item_armor_shard
  9:16 Item: 0 item_armor_shard
  9:16 Item: 0 item_armor_combat
  9:18 Item: 1 weapon_rocketlauncher
  9:20 Item: 1 ammo_bullets
  9:21 Item: 0 weapon_rocketlauncher
  9:23 Item: 0 item_armor_body
  9:27 Item: 0 weapon_rocketlauncher
  9:27 Item: 0 ammo_rockets
  9:27 Item: 1 item_quad
  9:38 Kill: 1 0 3: Major killed Wout by MOD_MACHINEGUN
  9:40 Item: 1 weapon_rocketlauncher
  9:41 Item: 0 ammo_rockets
  9:42 Item: 0 weapon_rocketlauncher
  9:43 Item: 0 ammo_bullets
  9:49 Kill: 0 1 3: Wout killed Major by MOD_MACHINEGUN
  9:51 Item: 0 item_armor_shard
  9:51 Item: 0 item_armor_shard
  9:51 Item: 0 item_armor_shard
  9:51 say: Major: Let's see, wout; was that skill or just luck? I am guessing ... luck.
  9:51 Item: 0 item_armor_combat
  9:54 Item: 1 weapon_rocketlauncher
  9:55 Item: 1 item_quad
 10:02 Item: 1 item_armor_body
 10:06 Item: 1 item_health_large
 10:10 Item: 1 ammo_slugs
 10:11 Item: 1 ammo_slugs
 10:14 Item: 1 weapon_railgun
 10:16 Item: 1 item_health
 10:19 Item: 1 weapon_rocketlauncher
 10:24 Item: 0 item_armor_shard
 10:24 Item: 0 item_armor_shard
 10:24 Item: 0 item_armor_shard
 10:24 Item: 0 item_armor_combat
 10:25 Item: 1 ammo_shells
 10:25 Item: 1 weapon_shotgun
 10:26 Kill: 0 1 2: Wout killed Major by MOD_GAUNTLET
 10:26 Exit: Fraglimit hit.
 10:26 score: 20  ping: 0  client: 0 Wout
 10:26 score: 6  ping: 0  client: 1 Major
 10:26 Item: 0 weapon_rocketlauncher
 10:31 ShutdownGame:
 10:31 ------------------------------------------------------------
  0:00 ------------------------------------------------------------
  0:00 InitGame: \sv_hostname\noname\sv_punkbuster\0\sv_maxRate\0\sv_minPing\0\sv_maxPing\0\sv_floodProtect\1\g_redTeam\Stroggs\g_blueTeam\Pagans\dmflags\0\fraglimit\20\timelimit\0\sv_maxclients\8\capturelimit\0\g_maxGameClients\0\version\Q3 1.32 win-x86 Oct  7 2002\g_gametype\0\protocol\68\mapname\Q3DM17\sv_privateClients\0\sv_allowDownload\0\gamename\baseq3\g_needpass\0
  0:00 ClientConnect: 0
  0:00 ClientUserinfoChanged: 0 n\Wout\t\0\model\slash/default\hmodel\slash/default\g_redteam\\g_blueteam\\c1\7\c2\5\hc\100\w\0\l\0\tt\0\tl\0
  0:00 ClientConnect: 1
  0:00 ClientUserinfoChanged: 1 n\Major\t\0\model\major\hmodel\major\c1\4\c2\5\hc\100\w\0\l\0\skill\    4.00\tt\0\tl\0
  0:00 ClientBegin: 1
  0:00 ClientUserinfoChanged: 0 n\Wout\t\0\model\slash/default\hmodel\slash/default\g_redteam\\g_blueteam\\c1\7\c2\5\hc\100\w\0\l\0\tt\0\tl\0
  0:00 ClientBegin: 0
  0:02 Item: 1 weapon_rocketlauncher
  0:03 Item: 0 weapon_rocketlauncher
  0:03 Item: 0 ammo_rockets
  0:05 Item: 1 ammo_rockets
  0:08 Item: 1 item_armor_body
  0:08 Item: 0 weapon_rocketlauncher
  0:11 Item: 1 item_health_large
  0:16 Item: 1 item_health_large
  0:20 Item: 1 ammo_slugs
  0:23 Item: 1 weapon_railgun
  0:24 Item: 0 weapon_rocketlauncher
  0:24 Item: 1 item_health
  0:26 Kill: 1 0 10: Major killed Wout by MOD_RAILGUN
  0:28 Item: 1 weapon_rocketlauncher
  0:30 Item: 1 ammo_bullets
  0:36 Item: 0 weapon_rocketlauncher
  0:37 Item: 1 item_armor_shard
  0:37 Item: 1 item_armor_shard
  0:37 Item: 1 item_armor_shard
  0:37 Item: 1 item_armor_combat
  0:38 Item: 0 item_armor_body
  0:40 Item: 1 ammo_shells
  0:40 Item: 0 item_health_mega
  0:44 Item: 1 weapon_shotgun
  0:46 Kill: 1 0 10: Major killed Wout by MOD_RAILGUN
  0:49 Item: 0 ammo_rockets
  0:50 Item: 0 weapon_rocketlauncher
  0:52 Kill: 1 0 10: Major killed Wout by MOD_RAILGUN
  0:57 Item: 1 item_health_large
  1:01 Item: 0 item_health_large
  1:04 Item: 0 item_armor_shard
  1:04 Item: 0 item_armor_shard
  1:05 Item: 0 item_armor_shard
  1:08 Item: 0 item_health_large
  1:10 Item: 1 item_armor_body
  1:10 Item: 0 ammo_rockets
  1:11 Item: 0 weapon_rocketlauncher
  1:13 Item: 1 item_health_large
  1:17 Item: 1 ammo_slugs
  1:18 Kill: 1 0 10: Major killed Wout by MOD_RAILGUN
  1:18 Item: 1 ammo_slugs
  1:19 Kill: 0 1 6: Wout killed Major by MOD_ROCKET
  1:22 Item: 0 weapon_rocketlauncher
  1:23 Item: 1 weapon_rocketlauncher
  1:27 Item: 0 item_armor_combat
  1:32 Item: 0 weapon_rocketlauncher
  1:36 Item: 0 ammo_bullets
  1:40 Item: 1 item_quad
  1:41 Item: 1 item_armor_body
  1:45 Kill: 0 1 6: Wout killed Major by MOD_ROCKET
  1:47 say: Major: Owww. Way to go wout That definitely hurt.
  1:48 Item: 0 weapon_rocketlauncher
  1:53 Item: 1 item_quad
  1:54 Item: 0 item_armor_shard
  1:54 Item: 0 item_armor_shard
  1:55 Item: 0 item_armor_shard
  2:04 Kill: 0 1 7: Wout killed Major by MOD_ROCKET_SPLASH
  2:06 Item: 0 item_health_large
  2:07 Item: 1 ammo_rockets
  2:11 Item: 0 ammo_bullets
  2:13 Item: 1 item_quad
  2:16 Item: 0 item_armor_body
  2:18 Item: 0 weapon_rocketlauncher
  2:21 Kill: 0 1 6: Wout killed Major by MOD_ROCKET
  2:23 Item: 0 ammo_bullets
  2:26 Item: 0 item_armor_shard
  2:26 Item: 0 item_armor_shard
  2:26 Item: 0 item_armor_shard
  2:27 Item: 0 item_armor_combat
  2:27 Item: 1 item_quad
  2:37 Item: 1 item_quad
  2:39 Kill: 0 1 3: Wout killed Major by MOD_MACHINEGUN
  2:41 Item: 0 item_armor_shard
  2:41 Item: 0 item_armor_shard
  2:41 Item: 0 item_armor_shard
  2:44 Item: 0 item_health_large
  2:50 Item: 1 item_armor_body
  2:52 Item: 0 weapon_rocketlauncher
  2:53 Item: 0 ammo_rockets
  2:54 Item: 1 item_health_large
  2:58 Item: 1 item_health_large
  3:03 Item: 1 weapon_rocketlauncher
  3:05 Kill: 0 1 6: Wout killed Major by MOD_ROCKET
  3:07 say: Major: That was definitely ... um ... pretty good, wout. Ok?
  3:09 Item: 1 weapon_rocketlauncher
  3:10 Item: 0 item_health_large
  3:15 Item: 1 ammo_rockets
  3:17 Item: 1 weapon_rocketlauncher
  3:17 Item: 1 weapon_rocketlauncher
  3:21 Item: 0 item_armor_body
  3:23 Item: 1 ammo_bullets
  3:23 Item: 0 weapon_rocketlauncher
  3:27 Kill: 0 1 3: Wout killed Major by MOD_MACHINEGUN
  3:29 Item: 0 weapon_rocketlauncher
  3:30 Item: 0 ammo_bullets
  3:35 Item: 1 weapon_rocketlauncher
  3:37 Item: 1 item_health_large
  3:46 Item: 0 item_armor_shard
  3:46 Item: 0 item_armor_shard
  3:46 Item: 0 item_armor_shard
  3:46 Item: 0 item_armor_combat
  3:50 Item: 0 weapon_rocketlauncher
  3:52 Item: 0 item_armor_body
  3:52 Item: 1 item_quad
  3:56 Kill: 1 0 3: Major killed Wout by MOD_MACHINEGUN
  3:58 Item: 1 ammo_rockets
  4:00 Item: 1 weapon_rocketlauncher
  4:05 Kill: 0 1 3: Wout killed Major by MOD_MACHINEGUN
  4:05 Kill: 1 0 7: Major killed Wout by MOD_ROCKET_SPLASH
  4:07 say: Major: kool. Show me how you did that wout.
  4:11 Item: 1 weapon_rocketlauncher
  4:12 Item: 0 ammo_bullets
  4:19 Kill: 0 1 3: Wout killed Major by MOD_MACHINEGUN
  4:20 Item: 0 item_armor_shard
  4:20 Item: 0 item_armor_shard
  4:20 Item: 0 item_armor_shard
  4:21 Item: 0 item_armor_combat
  4:23 Item: 1 weapon_rocketlauncher
  4:25 Item: 0 weapon_rocketlauncher
  4:25 Item: 1 item_armor_body
  4:25 Item: 0 ammo_rockets
  4:28 Item: 1 item_quad
  4:29 Kill: 1 0 7: Major killed Wout by MOD_ROCKET_SPLASH
  4:32 Item: 1 weapon_rocketlauncher
  4:42 Kill: 0 1 3: Wout killed Major by MOD_MACHINEGUN
  4:43 Kill: 1 0 6: Major killed Wout by MOD_ROCKET
  4:44 say: Major: I never saw that one coming wout.
  4:47 Item: 1 weapon_rocketlauncher
  4:48 Item: 1 ammo_rockets
  4:49 Item: 0 weapon_rocketlauncher
  4:52 Item: 1 item_armor_body
  4:56 Kill: 1 0 7: Major killed Wout by MOD_ROCKET_SPLASH
  4:58 Item: 1 weapon_rocketlauncher
  4:59 Item: 1 item_quad
  5:02 Item: 1 weapon_rocketlauncher
  5:06 Item: 1 item_health_large
  5:08 Item: 0 weapon_rocketlauncher
  5:12 Item: 1 item_health_large
  5:13 Kill: 0 1 7: Wout killed Major by MOD_ROCKET_SPLASH
  5:18 Item: 1 weapon_rocketlauncher
  5:20 Item: 0 item_health_large
  5:22 Item: 0 weapon_rocketlauncher
  5:24 Item: 0 item_armor_body
  5:26 Item: 0 ammo_rockets
  5:26 Item: 0 weapon_rocketlauncher
  5:27 Item: 1 item_quad
  5:28 Item: 0 ammo_bullets
  5:33 Item: 0 item_armor_shard
  5:33 Item: 0 item_armor_shard
  5:34 Item: 0 item_armor_shard
  5:34 Item: 0 item_armor_combat
  5:39 Kill: 0 1 3: Wout killed Major by MOD_MACHINEGUN
  5:41 say: Major: Mmmmmmm. Was it good for you too, wout?
  5:42 Item: 0 item_armor_shard
  5:42 Item: 0 item_armor_shard
  5:42 Item: 0 item_armor_shard
  5:47 Item: 0 item_health_large
  5:47 Item: 1 item_quad
  5:50 Kill: 0 1 3: Wout killed Major by MOD_MACHINEGUN
  5:54 Item: 0 item_armor_body
  5:56 Item: 0 weapon_rocketlauncher
  6:02 Item: 1 ammo_rockets
  6:03 Item: 1 item_quad
  6:06 Kill: 0 1 6: Wout killed Major by MOD_ROCKET
  6:08 say: Major: Accidents happen.
  6:10 Item: 0 item_health_mega
  6:12 Item: 1 item_quad
  6:17 Item: 0 weapon_rocketlauncher
  6:23 Kill: 0 1 6: Wout killed Major by MOD_ROCKET
  6:26 Item: 1 ammo_rockets
  6:31 Item: 0 ammo_bullets
  6:33 Item: 1 weapon_rocketlauncher
  6:40 Kill: 0 1 3: Wout killed Major by MOD_MACHINEGUN
  6:43 Item: 0 item_health_large
  6:44 Item: 1 weapon_rocketlauncher
  6:46 Item: 0 item_armor_shard
  6:46 Item: 0 item_armor_shard
  6:46 Item: 0 item_armor_shard
  6:46 Item: 1 item_armor_body
  6:46 Item: 0 item_armor_combat
  6:46 Item: 1 weapon_rocketlauncher
  6:49 Item: 0 item_health_large
  6:52 Item: 0 weapon_rocketlauncher
  6:57 Item: 1 item_quad
  6:59 Item: 0 weapon_rocketlauncher
  7:04 Kill: 0 1 6: Wout killed Major by MOD_ROCKET
  7:08 Item: 0 ammo_bullets
  7:08 Item: 1 weapon_rocketlauncher
  7:09 Item: 1 ammo_rockets
  7:12 Item: 1 item_armor_body
  7:16 Item: 1 item_quad
  7:16 Item: 1 weapon_rocketlauncher
  7:20 Item: 1 ammo_rockets
  7:22 Item: 0 item_armor_shard
  7:22 Item: 0 item_armor_shard
  7:22 Item: 0 item_armor_shard
  7:22 Item: 0 item_armor_combat
  7:27 Kill: 1 0 7: Major killed Wout by MOD_ROCKET_SPLASH
  7:27 Kill: 0 1 7: Wout killed Major by MOD_ROCKET_SPLASH
  7:29 say: Major: I have seen better wout, but not many.
  7:30 Item: 0 weapon_rocketlauncher
  7:32 Item: 1 ammo_shells
  7:32 Item: 1 weapon_shotgun
  7:34 Kill: 0 1 6: Wout killed Major by MOD_ROCKET
  7:37 Item: 0 weapon_rocketlauncher
  7:39 Item: 0 ammo_bullets
  7:43 Item: 1 weapon_rocketlauncher
  7:43 Item: 1 weapon_rocketlauncher
  7:51 Item: 0 item_armor_body
  7:56 Item: 0 weapon_rocketlauncher
  7:59 Item: 1 item_health_large
  7:59 Item: 0 ammo_bullets
  8:10 Kill: 0 1 3: Wout killed Major by MOD_MACHINEGUN
  8:10 Exit: Fraglimit hit.
  8:10 score: 20  ping: 0  client: 0 Wout
  8:10 score: 10  ping: 0  client: 1 Major
  8:12 ShutdownGame:
  8:12 ------------------------------------------------------------
  0:00 ------------------------------------------------------------
  0:00 InitGame: \g_maxGameClients\0\capturelimit\0\sv_maxclients\8\timelimit\0\fraglimit\50\dmflags\0\g_blueTeam\Pagans\g_redTeam\Stroggs\sv_floodProtect\1\sv_maxPing\0\sv_minPing\0\sv_maxRate\0\sv_punkbuster\0\sv_hostname\noname\version\Q3 1.32 win-x86 Oct  7 2002\g_gametype\0\protocol\68\mapname\Q3DM17\sv_privateClients\0\sv_allowDownload\0\gamename\baseq3\g_needpass\0
  0:00 ClientConnect: 0
  0:00 ClientUserinfoChanged: 0 n\Wout\t\0\model\slash/default\hmodel\slash/default\g_redteam\\g_blueteam\\c1\7\c2\5\hc\100\w\0\l\0\tt\0\tl\0
  0:00 ClientConnect: 1
  0:00 ClientUserinfoChanged: 1 n\Major\t\0\model\major\hmodel\major\c1\4\c2\5\hc\100\w\0\l\0\skill\    4.00\tt\0\tl\0
  0:00 ClientBegin: 1
  0:00 ClientConnect: 2
  0:00 ClientUserinfoChanged: 2 n\Sorlag\t\0\model\sorlag\hmodel\sorlag\c1\4\c2\5\hc\100\w\0\l\0\skill\    4.00\tt\0\tl\0
  0:00 ClientBegin: 2
  0:00 ClientConnect: 3
  0:00 ClientUserinfoChanged: 3 n\Doom\t\0\model\doom\hmodel\doom\c1\4\c2\5\hc\100\w\0\l\0\skill\    4.00\tt\0\tl\0
  0:00 ClientBegin: 3
  0:00 ClientUserinfoChanged: 0 n\Wout\t\0\model\slash/default\hmodel\slash/default\g_redteam\\g_blueteam\\c1\7\c2\5\hc\100\w\0\l\0\tt\0\tl\0
  0:00 ClientBegin: 0
  0:02 Item: 1 ammo_rockets
  0:02 Item: 3 ammo_rockets
  0:03 Item: 2 ammo_shells
  0:04 Item: 2 weapon_shotgun
  0:04 Item: 1 weapon_rocketlauncher
  0:04 Item: 3 weapon_rocketlauncher
  0:07 Item: 0 item_armor_shard
  0:07 Item: 0 item_armor_shard
  0:08 Item: 0 item_armor_shard
  0:08 Item: 0 item_armor_combat
  0:09 Item: 2 item_armor_body
  0:10 Kill: 0 1 3: Wout killed Major by MOD_MACHINEGUN
  0:11 Item: 0 weapon_rocketlauncher
  0:12 Item: 0 item_health_large
  0:13 Item: 1 weapon_rocketlauncher
  0:14 Item: 2 weapon_railgun
  0:15 Item: 1 ammo_bullets
  0:15 Item: 0 item_armor_shard
  0:16 Item: 0 item_armor_shard
  0:16 Item: 0 item_armor_shard
  0:17 Item: 3 item_health
  0:21 Item: 1 weapon_shotgun
  0:21 Item: 1 ammo_shells
  0:24 Item: 3 item_health_large
  0:24 Item: 1 item_health_large
  0:26 Kill: 2 3 10: Sorlag killed Doom by MOD_RAILGUN
  0:27 Item: 0 item_health_mega
  0:30 Item: 3 weapon_rocketlauncher
  0:31 Kill: 0 2 6: Wout killed Sorlag by MOD_ROCKET
  0:32 Item: 0 weapon_railgun
  0:33 Item: 0 weapon_rocketlauncher
  0:38 Item: 1 item_armor_body
  0:43 Kill: 1022 1 22: <world> killed Major by MOD_TRIGGER_HURT
  0:44 Item: 0 item_health_large
  0:45 Item: 3 weapon_railgun
  0:45 say: Major: Just a minor setback.
  0:47 Item: 1 ammo_rockets
  0:48 Item: 1 weapon_rocketlauncher
  0:49 Kill: 1 3 7: Major killed Doom by MOD_ROCKET_SPLASH
  0:52 Item: 0 item_health_large
  0:53 Item: 3 ammo_rockets
  0:54 say: Wout: aaaaaaaaaaa
  0:55 Item: 3 weapon_rocketlauncher
  0:57 Kill: 1 2 6: Major killed Sorlag by MOD_ROCKET
  1:00 Item: 2 weapon_rocketlauncher
  1:00 Item: 2 weapon_railgun
  1:01 Item: 0 item_armor_shard
  1:01 Item: 0 item_armor_shard
  1:01 Item: 0 item_armor_shard
  1:02 Item: 0 item_armor_combat
  1:03 Item: 0 item_armor_shard
  1:03 Item: 2 ammo_bullets
  1:04 Item: 1 item_armor_shard
  1:04 Item: 1 item_armor_shard
  1:05 Kill: 1022 3 22: <world> killed Doom by MOD_TRIGGER_HURT
  1:07 Item: 2 ammo_shells
  1:07 Item: 1 ammo_shells
  1:08 Kill: 2 1 10: Sorlag killed Major by MOD_RAILGUN
  1:08 Item: 2 weapon_shotgun
  1:09 Item: 0 item_armor_body
  1:10 Item: 2 item_health_large
  1:11 Kill: 3 0 3: Doom killed Wout by MOD_MACHINEGUN
  1:14 Item: 3 weapon_railgun
  1:17 Kill: 2 1 1: Sorlag killed Major by MOD_SHOTGUN
  1:19 Kill: 0 2 3: Wout killed Sorlag by MOD_MACHINEGUN
  1:23 Item: 0 weapon_rocketlauncher
  1:27 Item: 2 weapon_shotgun
  1:28 Item: 3 item_quad
  1:28 Item: 0 item_health_large
  1:30 Kill: 1022 2 22: <world> killed Sorlag by MOD_TRIGGER_HURT
  1:32 say: Sorlag: Ssssss. Us-ss clumsy like mammal.
  1:34 Item: 2 weapon_rocketlauncher
  1:35 Kill: 1022 3 22: <world> killed Doom by MOD_TRIGGER_HURT
  1:35 Item: 0 item_health_large
  1:37 Item: 1 item_health_large
  1:37 say: Doom: The only one who can really beat me is... me!
  1:38 Item: 2 ammo_rockets
  1:39 Item: 3 item_armor_body
  1:41 Kill: 2 1 6: Sorlag killed Major by MOD_ROCKET
  1:44 Item: 0 item_health_mega
  1:45 Item: 3 weapon_railgun
  1:45 Item: 1 ammo_rockets
  1:46 Item: 1 weapon_rocketlauncher
  1:48 Kill: 1 0 7: Major killed Wout by MOD_ROCKET_SPLASH
  1:49 Item: 1 ammo_bullets
  1:50 Item: 2 item_armor_shard
  1:50 Item: 2 item_armor_shard
  1:50 Item: 2 item_armor_shard
  1:51 Item: 2 item_armor_combat
  1:52 Kill: 2 1 7: Sorlag killed Major by MOD_ROCKET_SPLASH
  1:52 Item: 0 weapon_rocketlauncher
  1:52 Kill: 1 2 7: Major killed Sorlag by MOD_ROCKET_SPLASH
  2:00 Item: 0 weapon_rocketlauncher
  2:02 Item: 1 weapon_rocketlauncher
  2:02 Kill: 1 2 7: Major killed Sorlag by MOD_ROCKET_SPLASH
  2:02 Item: 1 ammo_shells
  2:03 Item: 0 weapon_rocketlauncher
  2:03 Item: 1 weapon_shotgun
  2:05 Kill: 0 3 6: Wout killed Doom by MOD_ROCKET
  2:05 Kill: 0 0 7: Wout killed Wout by MOD_ROCKET_SPLASH
  2:06 Item: 1 item_health_large
  2:07 Item: 2 weapon_rocketlauncher
  2:09 Item: 2 ammo_bullets
  2:11 Item: 1 weapon_rocketlauncher
  2:12 Kill: 2 0 7: Sorlag killed Wout by MOD_ROCKET_SPLASH
  2:13 Item: 2 item_armor_body
  2:22 Item: 3 weapon_railgun
  2:22 Item: 2 weapon_shotgun
  2:23 Item: 3 item_health
  2:24 Kill: 1022 0 22: <world> killed Wout by MOD_TRIGGER_HURT
  2:25 Item: 1 item_quad
  2:26 Item: 3 ammo_rockets
  2:26 Item: 0 ammo_rockets
  2:27 Item: 0 weapon_rocketlauncher
  2:32 Item: 1 weapon_rocketlauncher
  2:32 Item: 3 ammo_bullets
  2:32 Kill: 3 1 10: Doom killed Major by MOD_RAILGUN
  2:33 Item: 0 item_armor_shard
  2:33 Item: 0 item_armor_shard
  2:33 Item: 0 item_armor_shard
  2:33 Item: 0 item_armor_combat
  2:34 Kill: 0 3 6: Wout killed Doom by MOD_ROCKET
  2:35 Item: 0 weapon_railgun
  2:36 say: Doom: You just gave me some needed rest!
  2:38 Item: 3 item_armor_body
  2:39 Item: 1 item_quad
  2:40 Item: 1 item_health_large
  2:41 Item: 2 weapon_rocketlauncher
  2:41 Kill: 1 2 3: Major killed Sorlag by MOD_MACHINEGUN
  2:43 Kill: 1 0 3: Major killed Wout by MOD_MACHINEGUN
  2:44 say: Sorlag: Us take, sss-sell people of Princess. Do sss-same to U people, major.
  2:44 Kill: 3 1 3: Doom killed Major by MOD_MACHINEGUN
  2:46 Item: 2 weapon_rocketlauncher
  2:46 Item: 3 weapon_rocketlauncher
  2:49 Kill: 3 1 6: Doom killed Major by MOD_ROCKET
  2:51 Item: 0 weapon_rocketlauncher
  2:51 Item: 3 weapon_rocketlauncher
  2:52 Kill: 3 2 7: Doom killed Sorlag by MOD_ROCKET_SPLASH
  2:52 Item: 3 item_quad
  2:52 Item: 3 weapon_rocketlauncher
  2:55 Item: 3 weapon_rocketlauncher
  2:58 Item: 2 weapon_rocketlauncher
  2:59 Kill: 1022 1 22: <world> killed Major by MOD_TRIGGER_HURT
  3:00 Kill: 3 0 7: Doom killed Wout by MOD_ROCKET_SPLASH
  3:01 say: Major: Grrrrrr.
  3:04 Item: 2 weapon_rocketlauncher
  3:04 Kill: 1 3 3: Major killed Doom by MOD_MACHINEGUN
  3:04 Kill: 3 1 7: Doom killed Major by MOD_ROCKET_SPLASH
  3:05 Item: 2 weapon_rocketlauncher
  3:08 Item: 0 item_armor_body
  3:08 Item: 2 weapon_rocketlauncher
  3:08 Item: 2 item_quad
  3:09 Item: 1 weapon_rocketlauncher
  3:12 Kill: 0 2 3: Wout killed Sorlag by MOD_MACHINEGUN
  3:14 say: Sorlag: Us take, sss-sell people of Ice Queen. Do sss-same to you people, wout.
  3:14 Item: 1 ammo_rockets
  3:16 Item: 2 weapon_rocketlauncher
  3:17 Item: 0 ammo_rockets
  3:17 Item: 0 weapon_rocketlauncher
  3:19 Item: 3 weapon_rocketlauncher
  3:20 Kill: 3 1 6: Doom killed Major by MOD_ROCKET
  3:20 Kill: 1 3 6: Major killed Doom by MOD_ROCKET
  3:22 Item: 0 item_armor_shard
  3:22 Item: 0 item_armor_shard
  3:22 Item: 0 item_armor_shard
  3:23 Item: 0 item_armor_combat
  3:23 Item: 2 weapon_rocketlauncher
  3:24 Item: 3 weapon_rocketlauncher
  3:27 Item: 1 weapon_rocketlauncher
  3:28 Kill: 3 0 7: Doom killed Wout by MOD_ROCKET_SPLASH
  3:29 Item: 3 weapon_rocketlauncher
  3:30 Kill: 1 2 7: Major killed Sorlag by MOD_ROCKET_SPLASH
  3:33 Item: 3 weapon_rocketlauncher
  3:34 Item: 2 item_armor_body
  3:35 Kill: 1 3 7: Major killed Doom by MOD_ROCKET_SPLASH
  3:37 say: Doom: Take a moment to reflect on your accomplishment, major.
  3:37 Kill: 1022 1 22: <world> killed Major by MOD_TRIGGER_HURT
  3:39 Item: 3 weapon_rocketlauncher
  3:40 say: Major: You is not near fast enough, Tex.
  3:44 Kill: 1 3 18: Major killed Doom by MOD_TELEFRAG
  3:44 Item: 1 weapon_rocketlauncher
  3:44 Kill: 1022 2 22: <world> killed Sorlag by MOD_TRIGGER_HURT
  3:47 say: Sorlag: us likes to kill so much, us kills us.
  3:49 Item: 2 weapon_rocketlauncher
  3:50 Item: 0 ammo_bullets
  3:52 Kill: 2 0 6: Sorlag killed Wout by MOD_ROCKET
  3:57 Kill: 0 2 3: Wout killed Sorlag by MOD_MACHINEGUN
  3:58 Item: 1 item_health_large
  3:59 Item: 3 weapon_railgun
  4:01 Item: 2 ammo_rockets
  4:03 Kill: 0 1 3: Wout killed Major by MOD_MACHINEGUN
  4:03 Item: 2 weapon_rocketlauncher
  4:05 say: Major: That was definitely ... um ... pretty good, wout. Ok?
  4:06 Item: 3 weapon_railgun
  4:06 Item: 2 item_armor_body
  4:08 Item: 0 item_armor_shard
  4:09 Item: 0 item_armor_shard
  4:09 Item: 0 item_armor_shard
  4:09 Item: 0 item_armor_combat
  4:10 Item: 2 weapon_rocketlauncher
  4:10 Item: 0 ammo_shells
  4:11 Kill: 1 2 3: Major killed Sorlag by MOD_MACHINEGUN
  4:11 Item: 1 weapon_rocketlauncher
  4:11 Item: 0 weapon_shotgun
  4:12 Item: 1 ammo_rockets
  4:14 Kill: 1022 3 19: <world> killed Doom by MOD_FALLING
  4:15 Item: 2 ammo_shells
  4:16 Item: 2 weapon_shotgun
  4:19 Item: 0 weapon_rocketlauncher
  4:20 Item: 0 weapon_railgun
  4:23 Kill: 1022 1 19: <world> killed Major by MOD_FALLING
  4:24 Item: 0 weapon_rocketlauncher
  4:24 Kill: 1022 2 22: <world> killed Sorlag by MOD_TRIGGER_HURT
  4:27 say: Sorlag: Ssssss. Us-ss clumsy like mammal.
  4:27 Item: 3 weapon_railgun
  4:27 Item: 1 weapon_rocketlauncher
  4:29 Kill: 1 0 6: Major killed Wout by MOD_ROCKET
  4:32 Item: 2 item_armor_shard
  4:32 Item: 3 item_health
  4:33 Item: 2 item_armor_shard
  4:33 Item: 2 item_armor_shard
  4:33 Item: 1 weapon_rocketlauncher
  4:34 say: Wout: 7a7    
  4:34 Item: 2 weapon_rocketlauncher
  4:35 Item: 1 item_armor_body
  4:36 Item: 3 weapon_rocketlauncher
  4:38 Kill: 1 3 7: Major killed Doom by MOD_ROCKET_SPLASH
  4:39 Kill: 0 2 3: Wout killed Sorlag by MOD_MACHINEGUN
  4:40 say: Doom: Yeah, take my time... pull out your intestines one foot at a tug.
  4:40 Item: 0 weapon_rocketlauncher
  4:41 Item: 1 weapon_rocketlauncher
  4:41 Item: 1 weapon_railgun
  4:42 Item: 0 ammo_bullets
  4:43 Kill: 0 3 7: Wout killed Doom by MOD_ROCKET_SPLASH
  4:46 Kill: 2 3 3: Sorlag killed Doom by MOD_MACHINEGUN
  4:47 Item: 0 item_armor_combat
  4:51 Kill: 0 1 3: Wout killed Major by MOD_MACHINEGUN
  4:53 Item: 0 weapon_railgun
  4:53 say: Major: I never saw that one coming wout.
  4:54 Item: 2 item_quad
  4:54 Item: 3 weapon_rocketlauncher
  4:56 Item: 1 weapon_rocketlauncher
  4:57 Item: 1 ammo_rockets
  4:57 Kill: 1 2 6: Major killed Sorlag by MOD_ROCKET
  4:58 Item: 3 ammo_rockets
  4:59 Item: 0 item_health_large
  5:00 Item: 0 weapon_rocketlauncher
  5:01 Item: 3 ammo_bullets
  5:01 Item: 0 item_armor_shard
  5:02 Item: 0 item_armor_shard
  5:02 Item: 0 item_armor_shard
  5:02 Item: 2 item_armor_body
  5:03 Kill: 1 3 7: Major killed Doom by MOD_ROCKET_SPLASH
  5:03 Item: 2 item_quad
  5:07 Item: 3 weapon_rocketlauncher
  5:08 Item: 1 weapon_rocketlauncher
  5:09 Item: 1 weapon_rocketlauncher
  5:11 Kill: 3 0 7: Doom killed Wout by MOD_ROCKET_SPLASH
  5:12 Kill: 1 2 7: Major killed Sorlag by MOD_ROCKET_SPLASH
  5:13 Item: 3 weapon_railgun
  5:15 say: Sorlag: Is you tasty, major? Us-sss find out soon.
  5:15 Item: 3 item_armor_shard
  5:15 Item: 3 item_armor_shard
  5:16 Kill: 1 2 6: Major killed Sorlag by MOD_ROCKET
  5:16 Kill: 0 1 3: Wout killed Major by MOD_MACHINEGUN
  5:18 Item: 0 item_quad
  5:19 say: Major: Nice frag.
  5:21 Item: 3 weapon_rocketlauncher
  5:21 Item: 2 ammo_shells
  5:21 Item: 1 weapon_rocketlauncher
  5:21 Item: 2 weapon_shotgun
  5:24 Item: 2 item_armor_shard
  5:25 Item: 1 item_health_large
  5:25 Item: 2 item_armor_combat
  5:25 Kill: 0 3 3: Wout killed Doom by MOD_MACHINEGUN
  5:27 Item: 0 weapon_railgun
  5:27 Item: 2 item_armor_shard
  5:27 say: Doom: You and your Machinegun win dis round, fiend face. Enjoy it while it lasts.
  5:28 Item: 0 weapon_rocketlauncher
  5:30 Item: 2 item_armor_shard
  5:30 Item: 2 item_armor_shard
  5:32 ShutdownGame:
  5:32 ------------------------------------------------------------
  0:00 ------------------------------------------------------------
  0:00 InitGame: \sv_hostname\noname\sv_punkbuster\0\sv_maxRate\0\sv_minPing\0\sv_maxPing\0\sv_floodProtect\1\g_redTeam\Stroggs\g_blueTeam\Pagans\dmflags\0\fraglimit\50\timelimit\0\sv_maxclients\8\capturelimit\0\g_maxGameClients\0\version\Q3 1.32 win-x86 Oct  7 2002\g_gametype\0\protocol\68\mapname\Q3DM17\sv_privateClients\0\sv_allowDownload\0\gamename\baseq3\g_needpass\0
  0:00 ClientConnect: 0
  0:00 ClientUserinfoChanged: 0 n\Wout\t\0\model\slash/default\hmodel\slash/default\g_redteam\\g_blueteam\\c1\7\c2\5\hc\100\w\0\l\0\tt\0\tl\0
  0:00 ClientConnect: 1
  0:00 ClientUserinfoChanged: 1 n\Orbb\t\0\model\orbb\hmodel\orbb\c1\4\c2\5\hc\100\w\0\l\0\skill\    4.00\tt\0\tl\0
  0:00 ClientBegin: 1
  0:00 ClientUserinfoChanged: 0 n\Wout\t\0\model\slash/default\hmodel\slash/default\g_redteam\\g_blueteam\\c1\7\c2\5\hc\100\w\0\l\0\tt\0\tl\0
  0:00 ClientBegin: 0
  0:02 Item: 1 ammo_rockets
  0:04 Item: 1 weapon_rocketlauncher
  0:09 Item: 1 ammo_bullets
  0:10 Kill: 0 1 3: Wout killed Orbb by MOD_MACHINEGUN
  0:14 Item: 0 weapon_rocketlauncher
  0:15 Item: 0 ammo_rockets
  0:17 Item: 0 item_armor_body
  0:20 Kill: 0 1 3: Wout killed Orbb by MOD_MACHINEGUN
  0:21 Item: 0 weapon_rocketlauncher
  0:23 Item: 1 weapon_rocketlauncher
  0:25 Item: 0 item_health_large
  0:25 Item: 1 ammo_bullets
  0:31 Kill: 0 1 6: Wout killed Orbb by MOD_ROCKET
  0:33 say: Orbb: You win the prize for that one.
  0:34 Kill: 1022 0 22: <world> killed Wout by MOD_TRIGGER_HURT
  0:35 Item: 1 weapon_rocketlauncher
  0:40 Item: 1 item_health_large
  0:41 Item: 0 item_health_large
  0:52 Item: 0 item_armor_body
  0:52 Item: 1 weapon_rocketlauncher
  0:54 Item: 1 item_armor_shard
  0:54 Item: 0 weapon_rocketlauncher
  0:54 Item: 1 item_armor_shard
  0:54 Item: 1 item_armor_shard
  0:54 Item: 1 item_armor_combat
  0:57 Item: 1 item_armor_shard
  0:57 Item: 1 item_armor_shard
  0:57 Item: 1 item_armor_shard
  0:58 Item: 0 item_health_mega
  1:10 Item: 1 item_quad
  1:11 Kill: 1022 0 22: <world> killed Wout by MOD_TRIGGER_HURT
  1:14 Item: 1 item_health_large
  1:19 Item: 1 weapon_rocketlauncher
  1:20 Kill: 1 0 6: Orbb killed Wout by MOD_ROCKET
  1:23 Item: 1 ammo_rockets
  1:26 Item: 1 ammo_bullets
  1:30 Kill: 0 1 3: Wout killed Orbb by MOD_MACHINEGUN
  1:31 Item: 0 weapon_rocketlauncher
  1:32 Item: 0 item_quad
  1:37 Item: 1 item_armor_body
  1:37 Kill: 0 1 3: Wout killed Orbb by MOD_MACHINEGUN
  1:39 Item: 0 item_health_large
  1:41 Item: 1 weapon_rocketlauncher
  1:44 Kill: 1 0 6: Orbb killed Wout by MOD_ROCKET
  1:49 Item: 1 item_armor_shard
  1:49 Item: 1 item_armor_shard
  1:49 Item: 1 item_armor_shard
  1:49 Item: 1 item_armor_combat
  1:51 Item: 0 weapon_rocketlauncher
  1:52 Item: 1 ammo_shells
  1:53 Item: 0 ammo_rockets
  1:55 Kill: 0 1 3: Wout killed Orbb by MOD_MACHINEGUN
  1:56 Item: 0 weapon_rocketlauncher
  1:57 Item: 0 ammo_bullets
  2:08 Item: 0 ammo_bullets
  2:10 Item: 1 item_quad
  2:12 Item: 0 item_health_mega
  2:13 Kill: 0 1 3: Wout killed Orbb by MOD_MACHINEGUN
  2:15 say: Orbb: Smooo-oooth
  2:18 Item: 0 item_health_large
  2:20 Item: 0 item_armor_body
  2:20 Item: 0 item_quad
  2:22 Item: 0 weapon_rocketlauncher
  2:26 Item: 0 item_armor_shard
  2:26 Item: 0 item_armor_shard
  2:26 Item: 0 item_armor_shard
  2:26 Item: 0 item_armor_combat
  2:29 Item: 0 item_health_large
  2:35 Kill: 0 1 3: Wout killed Orbb by MOD_MACHINEGUN
  2:39 Item: 1 ammo_rockets
  2:39 Kill: 0 1 3: Wout killed Orbb by MOD_MACHINEGUN
  2:43 Item: 1 weapon_rocketlauncher
  2:44 Kill: 0 1 3: Wout killed Orbb by MOD_MACHINEGUN
  2:46 say: Orbb: WOW! This unit not see that one coming, wout!
  2:48 Item: 1 item_armor_body
  2:50 Item: 0 item_armor_shard
  2:50 Item: 0 item_armor_shard
  2:50 Item: 0 item_armor_shard
  2:52 Item: 1 ammo_rockets
  2:53 Item: 1 weapon_rocketlauncher
  2:54 Item: 1 weapon_rocketlauncher
  2:54 Item: 0 ammo_bullets
  3:01 Item: 0 weapon_rocketlauncher
  3:05 Item: 1 item_quad
  3:06 Item: 0 weapon_rocketlauncher
  3:09 Kill: 0 1 7: Wout killed Orbb by MOD_ROCKET_SPLASH
  3:12 Item: 0 item_quad
  3:13 Item: 0 item_armor_body
  3:15 Item: 0 weapon_rocketlauncher
  3:17 Item: 0 ammo_bullets
  3:20 Item: 0 item_health_large
  3:22 Kill: 0 1 3: Wout killed Orbb by MOD_MACHINEGUN
  3:26 Item: 1 weapon_rocketlauncher
  3:26 Kill: 0 1 3: Wout killed Orbb by MOD_MACHINEGUN
  3:27 Item: 0 item_armor_shard
  3:27 Item: 0 item_armor_shard
  3:27 Item: 0 item_armor_shard
  3:28 Item: 0 item_armor_combat
  3:31 Item: 0 item_health_large
  3:32 Item: 0 weapon_rocketlauncher
  3:32 Item: 0 weapon_rocketlauncher
  3:33 Kill: 0 1 6: Wout killed Orbb by MOD_ROCKET
  3:35 say: Orbb: Some mighty fine shooting there, chummer.
  3:37 Item: 0 item_armor_shard
  3:37 Item: 0 item_armor_shard
  3:37 Item: 0 item_armor_shard
  3:45 Item: 0 item_armor_body
  3:47 Item: 0 ammo_rockets
  3:48 Item: 0 weapon_rocketlauncher
  3:49 Item: 0 ammo_bullets
  3:51 Item: 1 item_quad
  3:54 Item: 1 ammo_slugs
  3:56 Item: 1 weapon_railgun
  3:57 Kill: 0 1 3: Wout killed Orbb by MOD_MACHINEGUN
  4:01 Item: 0 item_armor_combat
  4:03 Item: 0 item_health_large
  4:04 Item: 0 weapon_rocketlauncher
  4:06 Item: 0 ammo_bullets
  4:12 Item: 1 weapon_rocketlauncher
  4:13 Kill: 0 1 3: Wout killed Orbb by MOD_MACHINEGUN
  4:15 Item: 0 item_armor_shard
  4:15 Item: 0 item_armor_shard
  4:15 Item: 0 item_armor_shard
  4:17 Item: 1 weapon_rocketlauncher
  4:18 Item: 0 item_health_large
  4:20 Item: 1 item_armor_body
  4:21 Item: 0 weapon_rocketlauncher
  4:29 Item: 1 weapon_rocketlauncher
  4:37 Item: 1 item_quad
  4:38 Item: 0 weapon_rocketlauncher
  4:39 Item: 0 ammo_rockets
  4:42 Item: 0 item_armor_shard
  4:42 Kill: 0 1 6: Wout killed Orbb by MOD_ROCKET
  4:42 Item: 0 item_armor_shard
  4:43 Item: 0 item_armor_shard
  4:43 Item: 0 item_armor_combat
  4:45 Item: 0 weapon_shotgun
  4:45 Item: 0 ammo_shells
  4:46 Item: 1 weapon_rocketlauncher
  4:48 Item: 1 ammo_bullets
  4:48 Item: 0 weapon_rocketlauncher
  4:49 Item: 0 ammo_rockets
  4:51 Item: 0 item_armor_body
  4:53 Item: 0 weapon_rocketlauncher
  4:55 Item: 1 item_quad
  4:57 Item: 0 item_health_large
  5:00 Item: 0 weapon_rocketlauncher
  5:01 Kill: 0 1 7: Wout killed Orbb by MOD_ROCKET_SPLASH
  5:03 say: Orbb: Magnefique, dude!
  5:09 Item: 0 ammo_bullets
  5:09 Item: 1 weapon_rocketlauncher
  5:17 Item: 0 weapon_rocketlauncher
  5:18 Kill: 0 1 6: Wout killed Orbb by MOD_ROCKET
  5:23 Item: 0 ammo_rockets
  5:23 Item: 1 item_armor_body
  5:28 Item: 1 weapon_rocketlauncher
  5:29 Kill: 1 0 7: Orbb killed Wout by MOD_ROCKET_SPLASH
  5:33 Item: 0 ammo_rockets
  5:34 Kill: 0 1 3: Wout killed Orbb by MOD_MACHINEGUN
  5:36 say: Orbb: Not going to let you do that again, wout. Forget that!
  5:39 Item: 0 item_armor_shard
  5:39 Item: 0 item_armor_shard
  5:39 Item: 0 item_armor_shard
  5:39 Item: 0 item_armor_combat
  5:42 Item: 1 weapon_rocketlauncher
  5:43 Item: 1 weapon_shotgun
  5:45 Item: 1 weapon_rocketlauncher
  5:48 Kill: 0 1 3: Wout killed Orbb by MOD_MACHINEGUN
  5:49 Item: 0 item_armor_shard
  5:49 Item: 0 item_armor_shard
  5:49 Item: 0 item_armor_shard
  5:54 Item: 0 ammo_bullets
  5:56 Item: 1 weapon_rocketlauncher
  5:59 Item: 1 weapon_rocketlauncher
  6:01 Item: 1 item_armor_body
  6:03 Item: 0 weapon_rocketlauncher
  6:13 Item: 0 item_armor_shard
  6:13 Item: 0 item_armor_shard
  6:14 Item: 0 item_armor_shard
  6:14 Item: 0 item_armor_combat
  6:16 Item: 0 item_armor_shard
  6:16 Item: 0 item_armor_shard
  6:16 Item: 0 item_armor_shard
  6:19 Item: 1 item_quad
  6:21 Kill: 0 1 7: Wout killed Orbb by MOD_ROCKET_SPLASH
  6:21 Item: 0 ammo_rockets
  6:22 Item: 0 weapon_rocketlauncher
  6:23 say: Orbb: You make this unit die good, wout!
  6:25 Item: 1 item_quad
  6:26 Item: 1 item_armor_body
  6:29 Item: 0 weapon_rocketlauncher
  6:30 Item: 0 ammo_rockets
  6:31 Kill: 1 0 3: Orbb killed Wout by MOD_MACHINEGUN
  6:33 Item: 1 weapon_rocketlauncher
  6:40 Kill: 0 1 3: Wout killed Orbb by MOD_MACHINEGUN
  6:42 Item: 0 weapon_rocketlauncher
  6:45 Item: 1 ammo_bullets
  6:49 Item: 0 item_armor_shard
  6:49 Item: 0 item_armor_shard
  6:49 Item: 0 item_armor_shard
  6:49 Item: 0 item_armor_combat
  6:50 Item: 1 weapon_rocketlauncher
  6:53 ShutdownGame:
  6:53 ------------------------------------------------------------
  0:00 ------------------------------------------------------------
  0:00 InitGame: \sv_hostname\noname\sv_punkbuster\0\sv_maxRate\0\sv_minPing\0\sv_maxPing\0\sv_floodProtect\1\g_redTeam\Stroggs\g_blueTeam\Pagans\dmflags\0\fraglimit\50\timelimit\0\sv_maxclients\8\capturelimit\0\g_maxGameClients\0\version\Q3 1.32 win-x86 Oct  7 2002\g_gametype\0\protocol\68\mapname\Q3DM17\sv_privateClients\0\sv_allowDownload\0\gamename\baseq3\g_needpass\0
  0:00 ClientConnect: 0
  0:00 ClientUserinfoChanged: 0 n\Wout\t\0\model\slash/default\hmodel\slash/default\g_redteam\\g_blueteam\\c1\7\c2\5\hc\100\w\0\l\0\tt\0\tl\0
  0:00 ClientConnect: 1
  0:00 ClientUserinfoChanged: 1 n\Major\t\0\model\major\hmodel\major\c1\4\c2\5\hc\100\w\0\l\0\skill\    4.00\tt\0\tl\0
  0:00 ClientBegin: 1
  0:00 ClientUserinfoChanged: 0 n\Wout\t\0\model\slash/default\hmodel\slash/default\g_redteam\\g_blueteam\\c1\7\c2\5\hc\100\w\0\l\0\tt\0\tl\0
  0:00 ClientBegin: 0
  0:01 Item: 0 ammo_rockets
  0:03 Item: 1 weapon_rocketlauncher
  0:03 Item: 0 ammo_bullets
  0:06 Item: 0 item_armor_shard
  0:06 Item: 0 item_armor_shard
  0:06 Item: 0 item_armor_shard
  0:06 Item: 0 item_armor_combat
  0:11 Item: 1 item_armor_body
  0:14 Item: 1 item_health_large
  0:18 Item: 0 weapon_rocketlauncher
  0:18 Item: 0 ammo_rockets
  0:19 Item: 1 item_health_large
  0:21 Kill: 0 1 6: Wout killed Major by MOD_ROCKET
  0:24 Item: 1 weapon_rocketlauncher
  0:25 Item: 0 ammo_bullets
  0:33 Item: 1 ammo_shells
  0:33 Item: 1 weapon_shotgun
  0:34 Item: 0 item_armor_shard
  0:34 Item: 0 item_armor_shard
  0:34 Item: 0 item_armor_shard
  0:35 Kill: 0 1 6: Wout killed Major by MOD_ROCKET
  0:38 Item: 0 item_armor_body
  0:40 Item: 1 weapon_rocketlauncher
  0:41 Item: 0 item_health_mega
  0:46 Item: 0 ammo_rockets
  0:49 Item: 0 ammo_bullets
  0:52 Item: 1 item_health_large
  0:54 Item: 1 ammo_shells
  0:55 Item: 0 item_armor_shard
  0:55 Item: 0 item_armor_shard
  0:56 Item: 0 item_armor_shard
  0:56 Item: 0 item_armor_combat
  0:59 Kill: 0 1 3: Wout killed Major by MOD_MACHINEGUN
  1:01 say: Major: Did that make you feel like a big Warrior wout.
  1:03 Item: 0 item_health_large
  1:03 Item: 1 weapon_rocketlauncher
  1:05 Item: 0 weapon_rocketlauncher
  1:10 Item: 1 ammo_rockets
  1:13 Item: 0 item_armor_body
  1:17 Item: 1 ammo_bullets
  1:19 Kill: 1022 0 19: <world> killed Wout by MOD_FALLING
  1:20 Kill: 0 1 7: Wout killed Major by MOD_ROCKET_SPLASH
  1:25 Item: 0 weapon_rocketlauncher
  1:27 Item: 1 weapon_rocketlauncher
  1:28 Item: 1 weapon_rocketlauncher
  1:32 Item: 1 item_health_large
  1:36 Item: 1 ammo_shells
  1:36 Item: 0 ammo_bullets
  1:38 Item: 1 item_armor_shard
  1:39 Item: 1 item_armor_shard
  1:39 Item: 1 item_armor_shard
  1:39 Item: 1 item_armor_combat
  1:41 Item: 0 item_health_large
  1:41 Item: 1 item_armor_shard
  1:41 Item: 1 item_armor_shard
  1:41 Item: 1 item_armor_shard
  1:44 Item: 0 item_armor_body
  1:48 Item: 0 ammo_rockets
  1:48 Item: 0 weapon_rocketlauncher
  1:51 Kill: 0 1 3: Wout killed Major by MOD_MACHINEGUN
  1:53 say: Major: Accidents happen.
  1:55 Item: 1 ammo_rockets
  1:56 Item: 1 weapon_rocketlauncher
  1:57 Kill: 0 1 7: Wout killed Major by MOD_ROCKET_SPLASH
  2:01 Item: 1 weapon_rocketlauncher
  2:03 Item: 0 weapon_rocketlauncher
  2:08 Item: 0 item_health_large
  2:15 Item: 1 item_armor_body
  2:18 Item: 1 item_health_large
  2:21 Kill: 1022 1 22: <world> killed Major by MOD_TRIGGER_HURT
  2:23 say: Major: Well that was friggin' spectacular. Guess I win the prize.
  2:26 Item: 1 weapon_rocketlauncher
  2:27 Item: 0 item_health_large
  2:30 Item: 0 item_armor_shard
  2:30 Item: 0 item_armor_shard
  2:31 Item: 0 item_armor_shard
  2:31 Item: 0 item_armor_combat
  2:33 Item: 0 item_health_large
  2:36 Item: 0 weapon_rocketlauncher
  2:37 Item: 0 ammo_rockets
  2:39 Item: 0 ammo_bullets
  2:42 Item: 0 item_armor_shard
  2:42 Item: 0 item_armor_shard
  2:42 Item: 0 item_armor_shard
  2:43 Item: 1 item_quad
  2:45 ShutdownGame:
  2:45 ------------------------------------------------------------
  0:00 ------------------------------------------------------------
  0:00 InitGame: \g_maxGameClients\0\capturelimit\0\sv_maxclients\8\timelimit\0\fraglimit\50\dmflags\0\g_blueTeam\Pagans\g_redTeam\Stroggs\sv_floodProtect\1\sv_maxPing\0\sv_minPing\0\sv_maxRate\0\sv_punkbuster\0\sv_hostname\noname\version\Q3 1.32 win-x86 Oct  7 2002\g_gametype\0\protocol\68\mapname\Q3TOURNEY6\sv_privateClients\0\sv_allowDownload\0\gamename\baseq3\g_needpass\0
  0:00 ClientConnect: 0
  0:00 ClientUserinfoChanged: 0 n\Wout\t\0\model\slash/default\hmodel\slash/default\g_redteam\\g_blueteam\\c1\7\c2\5\hc\100\w\0\l\0\tt\0\tl\0
  0:00 ClientConnect: 1
  0:00 ClientUserinfoChanged: 1 n\Xaero\t\0\model\xaero\hmodel\xaero\c1\4\c2\5\hc\100\w\0\l\0\skill\    4.00\tt\0\tl\0
  0:00 ClientBegin: 1
  0:00 ClientUserinfoChanged: 0 n\Wout\t\0\model\slash/default\hmodel\slash/default\g_redteam\\g_blueteam\\c1\7\c2\5\hc\100\w\0\l\0\tt\0\tl\0
  0:00 ClientBegin: 0
  0:01 Item: 1 ammo_rockets
  0:01 Item: 0 weapon_railgun
  0:02 Item: 1 ammo_bullets
  0:04 Item: 1 weapon_railgun
  0:07 Kill: 1 0 10: Xaero killed Wout by MOD_RAILGUN
  0:11 Item: 0 weapon_railgun
  0:12 Kill: 1022 1 22: <world> killed Xaero by MOD_TRIGGER_HURT
  0:14 Item: 0 item_health_large
  0:15 Item: 1 weapon_railgun
  0:15 Item: 0 holdable_teleporter
  0:15 Kill: 1 0 10: Xaero killed Wout by MOD_RAILGUN
  0:18 Item: 1 weapon_railgun
  0:19 Item: 1 ammo_bfg
  0:20 Item: 0 weapon_rocketlauncher
  0:21 Item: 1 ammo_rockets
  0:22 Item: 1 weapon_rocketlauncher
  0:25 Item: 0 weapon_railgun
  0:26 Item: 1 weapon_bfg
  0:30 Kill: 0 1 6: Wout killed Xaero by MOD_ROCKET
  0:31 Item: 0 weapon_railgun
  0:32 Item: 0 weapon_railgun
  0:33 Item: 1 weapon_railgun
  0:34 Kill: 1 0 10: Xaero killed Wout by MOD_RAILGUN
  0:40 Item: 0 weapon_railgun
  0:43 Item: 0 weapon_rocketlauncher
  0:44 Kill: 1 0 10: Xaero killed Wout by MOD_RAILGUN
  0:45 Item: 1 weapon_rocketlauncher
  0:45 Item: 1 ammo_bullets
  0:47 Item: 1 weapon_railgun
  0:48 Item: 1 weapon_railgun
  0:55 ShutdownGame:
  0:55 ------------------------------------------------------------
  0:00 ------------------------------------------------------------
  0:00 InitGame: \sv_hostname\noname\sv_punkbuster\0\sv_maxRate\0\sv_minPing\0\sv_maxPing\0\sv_floodProtect\1\g_redTeam\Stroggs\g_blueTeam\Pagans\dmflags\0\fraglimit\50\timelimit\0\sv_maxclients\8\capturelimit\0\g_maxGameClients\0\version\Q3 1.32 win-x86 Oct  7 2002\g_gametype\0\protocol\68\mapname\Q3DM17\sv_privateClients\0\sv_allowDownload\0\gamename\baseq3\g_needpass\0
  0:00 ClientConnect: 0
  0:00 ClientUserinfoChanged: 0 n\Wout\t\0\model\slash/default\hmodel\slash/default\g_redteam\\g_blueteam\\c1\7\c2\5\hc\100\w\0\l\0\tt\0\tl\0
  0:00 ClientConnect: 1
  0:00 ClientUserinfoChanged: 1 n\Xaero\t\0\model\xaero\hmodel\xaero\c1\4\c2\5\hc\100\w\0\l\0\skill\    4.00\tt\0\tl\0
  0:00 ClientBegin: 1
  0:00 ClientUserinfoChanged: 0 n\Wout\t\0\model\slash/default\hmodel\slash/default\g_redteam\\g_blueteam\\c1\7\c2\5\hc\100\w\0\l\0\tt\0\tl\0
  0:00 ClientBegin: 0
  0:02 Item: 1 ammo_rockets
  0:03 Item: 0 ammo_rockets
  0:04 Item: 1 weapon_rocketlauncher
  0:04 Item: 0 weapon_rocketlauncher
  0:06 Item: 1 item_armor_body
  0:09 Item: 1 item_health_large
  0:11 Kill: 1022 1 22: <world> killed Xaero by MOD_TRIGGER_HURT
  0:14 Item: 0 item_health_large
  0:18 Kill: 1 0 3: Xaero killed Wout by MOD_MACHINEGUN
  0:23 Item: 1 weapon_rocketlauncher
  0:25 Kill: 0 1 3: Wout killed Xaero by MOD_MACHINEGUN
  0:26 Item: 0 weapon_rocketlauncher
  0:30 Item: 0 ammo_bullets
  0:33 Item: 0 item_armor_shard
  0:33 Item: 0 item_armor_shard
  0:33 Item: 0 item_armor_shard
  0:34 Item: 0 item_armor_combat
  0:34 Item: 1 weapon_rocketlauncher
  0:38 Item: 1 item_armor_body
  0:42 Item: 1 ammo_slugs
  0:45 Item: 1 weapon_railgun
  0:46 Item: 1 item_health
  0:47 Kill: 0 1 6: Wout killed Xaero by MOD_ROCKET
  0:48 Item: 0 item_health_large
  0:52 Item: 0 item_armor_shard
  0:52 Item: 0 item_armor_shard
  0:52 Item: 0 item_armor_shard
  0:54 Item: 1 weapon_rocketlauncher
  0:55 Item: 0 item_health_large
  1:01 Item: 1 weapon_railgun
  1:01 Item: 1 weapon_railgun
  1:01 Kill: 1 0 10: Xaero killed Wout by MOD_RAILGUN
  1:05 Item: 0 weapon_rocketlauncher
  1:07 Kill: 0 1 6: Wout killed Xaero by MOD_ROCKET
  1:09 Item: 0 ammo_rockets
  1:09 say: Xaero: The weak can win ... once.
  1:11 Item: 0 item_armor_body
  1:13 Item: 0 ammo_rockets
  1:13 Item: 0 weapon_rocketlauncher
  1:14 Item: 0 weapon_railgun
  1:15 Item: 0 ammo_bullets
  1:18 Item: 0 item_armor_shard
  1:18 Item: 0 item_armor_shard
  1:18 Item: 0 item_armor_shard
  1:18 Item: 0 item_armor_combat
  1:21 Item: 1 weapon_railgun
  1:22 Kill: 1 0 10: Xaero killed Wout by MOD_RAILGUN
  1:26 Item: 0 weapon_rocketlauncher
  1:30 Kill: 1 0 10: Xaero killed Wout by MOD_RAILGUN
  1:35 Kill: 1 0 10: Xaero killed Wout by MOD_RAILGUN
  1:37 Kill: 1022 1 19: <world> killed Xaero by MOD_FALLING
  1:39 Item: 0 weapon_rocketlauncher
  1:40 say: Xaero: Alas, gravity, the universal truths apply to all. Even to Xaero.
  1:41 Item: 0 item_armor_body
  1:43 Item: 0 weapon_rocketlauncher
  1:45 Item: 1 item_armor_shard
  1:45 Item: 1 item_armor_shard
  1:46 Item: 1 item_armor_shard
  1:46 Item: 0 weapon_railgun
  1:47 Item: 1 weapon_railgun
  1:49 Kill: 1 0 10: Xaero killed Wout by MOD_RAILGUN
  1:52 Item: 1 item_health_large
  1:54 Kill: 1022 1 22: <world> killed Xaero by MOD_TRIGGER_HURT
  1:56 Item: 0 weapon_rocketlauncher
  1:56 Item: 0 ammo_rockets
  2:01 Kill: 1 0 3: Xaero killed Wout by MOD_MACHINEGUN
  2:02 Item: 1 item_armor_combat
  2:05 Item: 1 ammo_shells
  2:12 Item: 1 ammo_slugs
  2:14 Item: 1 weapon_railgun
  2:15 Item: 1 item_health
  2:16 Item: 0 item_health_large
  2:18 Kill: 1 0 10: Xaero killed Wout by MOD_RAILGUN
  2:21 Kill: 1022 1 19: <world> killed Xaero by MOD_FALLING
  2:24 Item: 0 weapon_railgun
  2:27 Item: 1 weapon_rocketlauncher
  2:31 Item: 1 ammo_slugs
  2:33 Item: 0 item_armor_body
  2:40 Kill: 1022 1 22: <world> killed Xaero by MOD_TRIGGER_HURT
  2:41 Item: 0 item_health_large
  2:42 say: Xaero: I err. This is a new experience.
  2:44 Item: 1 ammo_rockets
  2:45 Item: 1 weapon_rocketlauncher
  2:46 Item: 0 ammo_bullets
  2:52 Item: 0 item_armor_shard
  2:52 Item: 0 item_armor_shard
  2:52 Item: 0 item_armor_shard
  2:52 Item: 0 item_armor_combat
  2:56 Item: 1 weapon_railgun
  2:59 Kill: 0 1 10: Wout killed Xaero by MOD_RAILGUN
  3:00 Item: 0 item_health_large
  3:02 Item: 0 weapon_rocketlauncher
  3:02 Item: 0 ammo_rockets
  3:04 Item: 0 item_armor_body
  3:08 Item: 1 weapon_railgun
  3:10 Kill: 1 0 10: Xaero killed Wout by MOD_RAILGUN
  3:14 Kill: 1 0 10: Xaero killed Wout by MOD_RAILGUN
  3:20 Kill: 1022 0 22: <world> killed Wout by MOD_TRIGGER_HURT
  3:23 Item: 0 weapon_rocketlauncher
  3:27 Item: 1 weapon_rocketlauncher
  3:28 Kill: 1 0 10: Xaero killed Wout by MOD_RAILGUN
  3:32 Item: 0 ammo_rockets
  3:32 Item: 0 weapon_rocketlauncher
  3:35 Kill: 0 1 3: Wout killed Xaero by MOD_MACHINEGUN
  3:37 say: Xaero: I'll see you on the higher level, wout.
  3:39 Item: 0 item_armor_body
  3:40 Item: 1 weapon_rocketlauncher
  3:41 Item: 0 weapon_rocketlauncher
  3:44 Item: 0 item_health_large
  3:46 Item: 1 ammo_bullets
  3:47 Item: 0 item_armor_shard
  3:48 Item: 0 item_armor_shard
  3:48 Item: 0 item_armor_shard
  3:48 Item: 0 item_armor_combat
  3:50 Item: 0 item_armor_shard
  3:50 Item: 0 item_armor_shard
  3:50 Item: 0 item_armor_shard
  3:51 Item: 1 weapon_shotgun
  3:51 Item: 1 ammo_shells
  3:57 Item: 0 ammo_rockets
  3:57 Item: 0 weapon_rocketlauncher
  3:59 Item: 0 ammo_bullets
  4:04 Kill: 0 1 3: Wout killed Xaero by MOD_MACHINEGUN
  4:05 Item: 0 ammo_shells
  4:05 Item: 0 weapon_shotgun
  4:06 say: Xaero: The weak can win ... once.
  4:08 Item: 1 weapon_rocketlauncher
  4:10 Item: 1 item_armor_body
  4:15 Item: 1 weapon_railgun
  4:18 Kill: 1022 1 22: <world> killed Xaero by MOD_TRIGGER_HURT
  4:18 Item: 0 item_health_large
  4:21 Item: 0 item_armor_shard
  4:21 Item: 0 item_armor_shard
  4:21 Item: 0 item_armor_shard
  4:21 Item: 0 item_armor_combat
  4:22 Item: 1 weapon_rocketlauncher
  4:25 Item: 0 weapon_shotgun
  4:26 Item: 1 ammo_slugs
  4:28 Item: 1 ammo_slugs
  4:30 Item: 1 weapon_railgun
  4:32 Item: 1 item_health
  4:34 Item: 1 item_health
  4:36 Item: 1 ammo_rockets
  4:36 Kill: 1 0 10: Xaero killed Wout by MOD_RAILGUN
  4:37 Item: 1 weapon_rocketlauncher
  4:39 Item: 1 item_armor_body
  4:41 Kill: 1 0 10: Xaero killed Wout by MOD_RAILGUN
  4:44 Kill: 1022 1 22: <world> killed Xaero by MOD_TRIGGER_HURT
  4:46 say: Xaero: Even in death, I am greater than thee.
  4:48 Item: 1 weapon_rocketlauncher
  4:49 Item: 0 weapon_railgun
  4:56 Item: 0 weapon_rocketlauncher
  4:59 Item: 1 item_health_large
  5:00 Item: 0 weapon_rocketlauncher
  5:07 Item: 1 item_armor_body
  5:10 Item: 1 item_health_large
  5:14 Item: 1 ammo_slugs
  5:17 Item: 1 weapon_railgun
  5:17 Kill: 1 0 10: Xaero killed Wout by MOD_RAILGUN
  5:18 Item: 1 item_health
  5:20 Item: 1 item_health
  5:23 Item: 1 ammo_rockets
  5:23 Item: 1 weapon_rocketlauncher
  5:24 Kill: 1 0 10: Xaero killed Wout by MOD_RAILGUN
  5:26 Item: 1 item_health_large
  5:28 Item: 1 ammo_shells
  5:29 Item: 1 weapon_shotgun
  5:29 Item: 0 weapon_rocketlauncher
  5:32 Item: 1 item_armor_shard
  5:32 Item: 1 item_armor_shard
  5:32 Item: 1 item_armor_shard
  5:32 Kill: 1 0 10: Xaero killed Wout by MOD_RAILGUN
  5:32 Item: 1 item_armor_combat
  5:34 Item: 1 weapon_rocketlauncher
  5:38 Item: 1 weapon_rocketlauncher
  5:40 Item: 0 item_armor_body
  5:43 Item: 0 ammo_rockets
  5:43 Item: 0 weapon_rocketlauncher
  5:44 Kill: 1 0 6: Xaero killed Wout by MOD_ROCKET
  5:44 Kill: 0 1 6: Wout killed Xaero by MOD_ROCKET
  5:48 Item: 1 weapon_rocketlauncher
  6:00 Kill: 0 1 3: Wout killed Xaero by MOD_MACHINEGUN
  6:01 Item: 0 weapon_rocketlauncher
  6:01 Item: 0 weapon_rocketlauncher
  6:02 Item: 0 weapon_rocketlauncher
  6:08 Item: 1 weapon_rocketlauncher
  6:08 Item: 0 item_armor_shard
  6:10 Item: 1 item_armor_body
  6:11 Kill: 1 0 7: Xaero killed Wout by MOD_ROCKET_SPLASH
  6:13 say: Xaero: that's but a hole through which the maggots might enter.
  6:13 Item: 0 ammo_rockets
  6:14 Item: 0 weapon_rocketlauncher
  6:20 Item: 1 weapon_rocketlauncher
  6:22 Item: 1 item_health_large
  6:27 ShutdownGame:
  6:27 ------------------------------------------------------------