  0:00 ------------------------------------------------------------
  0:00 InitGame: \sv_hostname\noname\sv_punkbuster\0\sv_maxRate\0\sv_minPing\0\sv_maxPing\0\sv_floodProtect\1\g_redTeam\Stroggs\g_blueTeam\Pagans\version\Q3 1.32 win-x86 Oct  7 2002\dmflags\0\fraglimit\20\timelimit\0\g_gametype\0\protocol\68\mapname\Q3DM17\sv_privateClients\0\sv_maxclients\8\sv_allowDownload\0\capturelimit\0\gamename\baseq3\g_maxGameClients\0\g_needpass\0
  0:00 ClientConnect: 0
  0:00 ClientUserinfoChanged: 0 n\Wout\t\0\model\slash/default\hmodel\slash/default\g_redteam\\g_blueteam\\c1\7\c2\5\hc\100\w\0\l\0\tt\0\tl\0
  0:00 ClientConnect: 1
  0:00 ClientUserinfoChanged: 1 n\Major\t\0\model\major\hmodel\major\c1\4\c2\5\hc\100\w\0\l\0\skill\    4.00\tt\0\tl\0
  0:00 ClientBegin: 1
  0:00 ClientUserinfoChanged: 0 n\Wout\t\0\model\slash/default\hmodel\slash/default\g_redteam\\g_blueteam\\c1\7\c2\5\hc\100\w\0\l\0\tt\0\tl\0
  0:00 ClientBegin: 0
  0:03 Item: 1 weapon_rocketlauncher
  0:03 Item: 0 ammo_rockets
  0:03 Item: 0 weapon_rocketlauncher
  0:04 Item: 1 ammo_rockets
  0:09 Item: 1 weapon_rocketlauncher
  0:15 Item: 1 item_armor_body
  0:18 Item: 1 item_health_large
  0:22 Item: 1 ammo_slugs
  0:23 Item: 1 ammo_slugs
  0:25 Item: 1 weapon_railgun
  0:27 Item: 1 item_health
  0:31 Item: 1 weapon_rocketlauncher
  0:36 Item: 0 weapon_rocketlauncher
  0:38 Item: 0 ammo_bullets
  0:42 Kill: 1 0 6: Major killed Wout by MOD_ROCKET
  0:44 Item: 1 item_health_large
  0:46 Item: 1 item_armor_body
  0:51 Kill: 1 0 10: Major killed Wout by MOD_RAILGUN
  0:54 Item: 1 ammo_bullets
  0:59 Kill: 1022 0 22: <world> killed Wout by MOD_TRIGGER_HURT
  1:05 Item: 1 weapon_rocketlauncher
  1:07 Item: 1 ammo_rockets
  1:12 Item: 0 weapon_rocketlauncher
  1:15 Item: 0 ammo_rockets
  1:15 Item: 1 weapon_rocketlauncher
  1:17 Item: 1 item_armor_body
  1:22 Item: 1 weapon_rocketlauncher
  1:25 Item: 1 item_health_large
  1:30 Item: 1 item_health_large
  1:33 Kill: 1 0 10: Major killed Wout by MOD_RAILGUN
  1:35 Item: 1 item_health_large
  1:38 Item: 0 weapon_rocketlauncher
  1:41 Item: 1 ammo_slugs
  1:45 Item: 1 item_health
  1:46 Kill: 1 0 10: Major killed Wout by MOD_RAILGUN
  1:49 Item: 1 ammo_bullets
  1:50 Item: 0 weapon_rocketlauncher
  1:52 Item: 0 ammo_rockets
  1:53 Kill: 1 0 10: Major killed Wout by MOD_RAILGUN
  1:54 Item: 1 weapon_rocketlauncher
  1:57 Item: 1 item_armor_shard
  1:57 Item: 1 item_armor_shard
  1:57 Item: 1 item_armor_shard
  1:57 Item: 1 item_armor_combat
  1:58 Item: 0 ammo_rockets
  1:59 Item: 0 weapon_rocketlauncher
  2:00 Item: 1 item_armor_shard
  2:00 Item: 1 item_armor_shard
  2:00 Item: 1 item_armor_shard
  2:04 Item: 1 item_health_large
  2:07 Item: 1 item_armor_body
  2:11 Item: 1 item_health_large
  2:11 Item: 0 item_health_large
  2:17 Kill: 1 0 10: Major killed Wout by MOD_RAILGUN
  2:21 Item: 0 weapon_rocketlauncher
  2:25 Kill: 1 0 10: Major killed Wout by MOD_RAILGUN
  2:27 Item: 1 weapon_rocketlauncher
  2:27 Item: 1 weapon_rocketlauncher
  2:33 Item: 0 weapon_rocketlauncher
  2:34 Item: 1 item_armor_shard
  2:34 Item: 1 item_armor_shard
  2:34 Item: 1 item_armor_shard
  2:34 Item: 1 item_armor_combat
  2:35 Item: 1 weapon_rocketlauncher
  2:37 Item: 1 item_armor_shard
  2:37 Item: 1 item_armor_shard
  2:37 Item: 1 item_armor_shard
  2:39 Item: 0 ammo_bullets
  2:41 Kill: 1 0 7: Major killed Wout by MOD_ROCKET_SPLASH
  2:43 Item: 1 item_health_large
  2:44 Item: 0 ammo_rockets
  2:45 Item: 0 weapon_rocketlauncher
  2:47 Item: 1 weapon_rocketlauncher
  2:54 Item: 0 weapon_rocketlauncher
  2:55 Item: 0 item_armor_body
  2:57 Item: 0 ammo_rockets
  2:58 Item: 0 weapon_rocketlauncher
  3:02 Item: 1 item_health_large
  3:07 Item: 1 item_health_large
  3:10 Kill: 0 1 3: Wout killed Major by MOD_MACHINEGUN
  3:12 Item: 0 weapon_railgun
  3:14 Item: 1 weapon_rocketlauncher
  3:17 Item: 0 weapon_rocketlauncher
  3:20 Item: 1 item_armor_body
  3:26 Item: 0 item_health_large
  3:26 Item: 1 weapon_rocketlauncher
  3:28 Item: 1 ammo_bullets
  3:29 Item: 0 item_armor_shard
  3:29 Item: 0 item_armor_shard
  3:29 Item: 0 item_armor_shard
  3:29 Item: 0 item_armor_combat
  3:31 Kill: 0 1 10: Wout killed Major by MOD_RAILGUN
  3:33 Item: 0 item_armor_shard
  3:33 Item: 0 item_armor_shard
  3:33 Item: 0 item_armor_shard
  3:33 say: Major: Let's see, wout; was that skill or just luck? I'm guessing ... luck.
  3:39 Item: 0 weapon_rocketlauncher
  3:39 Item: 0 ammo_rockets
  3:43 Item: 1 weapon_rocketlauncher
  3:46 Kill: 0 1 6: Wout killed Major by MOD_ROCKET
  3:49 Item: 0 item_health_large
  3:49 Item: 1 ammo_rockets
  3:51 Item: 1 weapon_rocketlauncher
  3:53 Item: 1 ammo_bullets
  3:58 Item: 1 item_armor_body
  4:01 Item: 0 item_health_mega
  4:03 Item: 1 weapon_rocketlauncher
  4:05 Item: 0 weapon_rocketlauncher
  4:06 Item: 1 weapon_rocketlauncher
  4:07 Item: 1 item_health_large
  4:13 Item: 0 item_armor_shard
  4:13 Item: 0 item_armor_shard
  4:13 Item: 0 item_armor_shard
  4:13 Item: 0 item_armor_combat
  4:14 Item: 1 item_armor_shard
  4:14 Item: 1 item_armor_shard
  4:14 Item: 1 item_armor_shard
  4:19 Item: 0 ammo_bullets
  4:32 Kill: 1022 1 22: <world> killed Major by MOD_TRIGGER_HURT
  4:34 Item: 0 item_armor_body
  4:36 Item: 1 ammo_rockets
  4:38 Item: 1 weapon_rocketlauncher
  4:38 Kill: 0 1 7: Wout killed Major by MOD_ROCKET_SPLASH
  4:41 Item: 0 item_health_large
  4:42 Item: 1 weapon_rocketlauncher
  4:46 Item: 0 item_armor_shard
  4:46 Item: 0 item_armor_shard
  4:46 Item: 0 item_armor_shard
  4:46 Item: 0 item_armor_combat
  4:49 Item: 1 weapon_rocketlauncher
  4:49 Item: 1 weapon_rocketlauncher
  4:59 Item: 1 item_armor_body
  5:02 Item: 1 item_health_large
  5:06 Item: 0 item_armor_shard
  5:06 Item: 0 item_armor_shard
  5:06 Item: 0 item_armor_shard
  5:12 Item: 0 weapon_shotgun
  5:14 Item: 1 item_health_large
  5:16 Item: 0 item_health_large
  5:19 Item: 0 ammo_rockets
  5:20 Item: 0 weapon_rocketlauncher
  5:21 Item: 1 ammo_slugs
  5:24 Item: 1 weapon_railgun
  5:25 Item: 1 item_health
  5:27 Item: 1 item_health
  5:27 Kill: 1 0 10: Major killed Wout by MOD_RAILGUN
  5:29 Item: 1 ammo_rockets
  5:31 Item: 1 ammo_bullets
  5:35 Item: 0 weapon_rocketlauncher
  5:36 Item: 1 item_health_large
  5:38 Item: 1 item_armor_body
  5:41 Kill: 1 0 10: Major killed Wout by MOD_RAILGUN
  5:42 Item: 1 weapon_rocketlauncher
  5:43 Item: 1 weapon_railgun
  5:44 Item: 1 ammo_bullets
  5:50 Item: 0 weapon_rocketlauncher
  5:56 Kill: 1022 1 19: <world> killed Major by MOD_FALLING
  5:57 Item: 0 weapon_rocketlauncher
  6:00 Item: 0 item_health_mega
  6:07 Item: 1 item_quad
  6:08 Item: 0 item_armor_shard
  6:08 Item: 0 item_armor_shard
  6:08 Item: 0 item_armor_shard
  6:08 Item: 1 item_armor_body
  6:08 Item: 0 item_armor_combat
  6:12 Item: 0 item_health_large
  6:14 Item: 1 ammo_rockets
  6:15 Item: 1 weapon_rocketlauncher
  6:18 Item: 0 item_armor_shard
  6:18 Item: 0 item_armor_shard
  6:18 Item: 0 item_armor_shard
  6:21 Item: 0 item_health_large
  6:23 Item: 0 weapon_rocketlauncher
  6:32 Item: 1 ammo_bullets
  6:35 Item: 0 weapon_shotgun
  6:40 Item: 1 weapon_rocketlauncher
  6:41 Item: 0 weapon_rocketlauncher
  6:42 Item: 1 item_armor_body
  6:46 Item: 1 item_health_large
  6:49 Item: 0 item_armor_shard
  6:49 Item: 0 item_armor_shard
  6:49 Item: 0 item_armor_shard
  6:50 Item: 0 item_armor_combat
  6:50 Item: 1 ammo_slugs
  6:51 Item: 1 ammo_slugs
  6:54 Item: 1 weapon_railgun
  6:56 Item: 1 item_health
  6:56 Item: 0 item_health_large
  6:57 Kill: 1 0 10: Major killed Wout by MOD_RAILGUN
  6:58 Item: 1 ammo_rockets
  6:59 Item: 1 weapon_rocketlauncher
  7:00 Item: 0 weapon_rocketlauncher
  7:03 Item: 1 weapon_rocketlauncher
  7:05 Item: 0 weapon_rocketlauncher
  7:07 Item: 0 ammo_rockets
  7:14 Item: 0 ammo_bullets
  7:15 Kill: 0 1 3: Wout killed Major by MOD_MACHINEGUN
  7:16 Item: 0 weapon_rocketlauncher
  7:17 say: Major: I have seen better wout, but not many.
  7:17 Item: 0 item_armor_body
  7:20 Item: 0 weapon_rocketlauncher
  7:21 Item: 0 ammo_bullets
  7:28 Item: 1 item_quad
  7:33 Kill: 1022 1 22: <world> killed Major by MOD_TRIGGER_HURT
  7:34 Item: 0 item_armor_shard
  7:34 Item: 0 item_armor_shard
  7:34 Item: 0 item_armor_shard
  7:34 Item: 0 item_armor_combat
  7:36 Item: 1 weapon_rocketlauncher
  7:44 Item: 0 weapon_shotgun
  7:46 Item: 1 item_armor_body
  7:49 Item: 0 weapon_rocketlauncher
  7:50 Item: 1 item_health_large
  7:54 Item: 0 ammo_rockets
  7:55 Item: 0 weapon_rocketlauncher
  7:55 Kill: 1022 1 22: <world> killed Major by MOD_TRIGGER_HURT
  7:56 Item: 0 ammo_bullets
  7:57 say: Major: Well that was friggin' spectacular. Guess I win the prize.
  8:00 Item: 0 item_armor_shard
  8:00 Item: 0 item_armor_shard
  8:00 Item: 0 item_armor_shard
  8:10 Item: 0 weapon_rocketlauncher
  8:11 Kill: 0 1 7: Wout killed Major by MOD_ROCKET_SPLASH
  8:13 Item: 0 ammo_bullets
  8:16 Item: 0 item_health_large
  8:22 Item: 1 item_armor_body
  8:24 Item: 0 weapon_rocketlauncher
  8:24 Item: 0 ammo_rockets
  8:26 Kill: 0 1 7: Wout killed Major by MOD_ROCKET_SPLASH
  8:28 Item: 0 item_health_large
  8:28 say: Major: Owww. Way to go wout That definitely hurt.
  8:30 Item: 1 weapon_rocketlauncher
  8:31 Item: 0 ammo_slugs
  8:32 Item: 0 ammo_slugs
  8:35 Item: 0 weapon_railgun
  8:43 Kill: 1022 1 22: <world> killed Major by MOD_TRIGGER_HURT
  8:48 Item: 0 item_armor_shard
  8:48 Item: 0 item_armor_shard
  8:48 Item: 0 item_armor_shard
  8:48 Item: 0 item_armor_combat
  8:54 Item: 0 item_health_large
  8:54 Kill: 1022 1 22: <world> killed Major by MOD_TRIGGER_HURT
  8:56 Item: 0 item_armor_body
  8:58 Item: 1 weapon_rocketlauncher
  9:06 Item: 0 item_armor_shard
  9:06 Item: 0 item_armor_shard
  9:06 Item: 0 item_armor_shard
  9:11 Kill: 0 1 10: Wout killed Major by MOD_RAILGUN
  9:15 Item: 1 ammo_rockets
  9:15 Item: 1 weapon_rocketlauncher
  9:15 Item: 0 item_health_mega
  9:23 Item: 0 weapon_rocketlauncher
  9:25 Item: 0 ammo_rockets
  9:29 Item: 1 item_armor_shard
  9:29 Item: 1 item_armor_shard
  9:29 Item: 1 item_armor_shard
  9:29 Item: 1 item_armor_combat
  9:30 Item: 0 item_armor_body
  9:31 Item: 1 item_armor_shard
  9:32 Item: 1 item_armor_shard
  9:32 Item: 1 item_armor_shard
  9:32 Item: 0 weapon_rocketlauncher
  9:34 Item: 0 ammo_bullets
  9:34 Item: 1 weapon_shotgun
  9:35 Item: 1 ammo_shells
  9:37 Item: 1 item_health_large
  9:40 Item: 1 weapon_rocketlauncher
  9:49 Kill: 1022 1 22: <world> killed Major by MOD_TRIGGER_HURT
  9:51 say: Major: Grrrrrr.
  9:54 Item: 1 weapon_rocketlauncher
  9:56 Item: 1 ammo_bullets
 10:01 Kill: 1022 1 19: <world> killed Major by MOD_FALLING
 10:04 Item: 0 item_armor_shard
 10:04 Item: 0 item_armor_shard
 10:04 Item: 0 item_armor_shard
 10:04 Item: 0 item_armor_combat
 10:05 Item: 1 ammo_rockets
 10:06 Item: 1 weapon_rocketlauncher
 10:12 Item: 1 weapon_rocketlauncher
 10:13 Item: 0 item_health_large
 10:19 Kill: 0 1 10: Wout killed Major by MOD_RAILGUN
 10:21 say: Major: Well, so much for having a quiet day at home.
 10:22 Item: 0 weapon_rocketlauncher
 10:22 Item: 0 ammo_rockets
 10:27 Item: 0 item_armor_body
 10:27 Item: 1 weapon_rocketlauncher
 10:36 Kill: 1022 1 22: <world> killed Major by MOD_TRIGGER_HURT
 10:40 Item: 1 weapon_rocketlauncher
 10:40 Item: 0 item_armor_shard
 10:40 Item: 0 item_armor_shard
 10:40 Item: 0 item_armor_shard
 10:41 Item: 0 item_armor_combat
 10:49 Kill: 1022 1 22: <world> killed Major by MOD_TRIGGER_HURT
 10:50 Item: 0 item_health_large
 10:51 say: Major: Oh ha ha. What am I ... comic relief?
 10:53 Item: 1 weapon_rocketlauncher
 10:55 Item: 1 ammo_bullets
 10:56 Item: 0 weapon_shotgun
 10:57 Item: 0 ammo_shells
 10:58 Item: 1 item_armor_body
 11:02 Item: 0 item_armor_shard
 11:02 Item: 0 item_armor_shard
 11:02 Item: 0 item_armor_shard
 11:10 Item: 0 ammo_bullets
 11:15 Item: 1 item_quad
 11:21 Item: 0 item_health_large
 11:21 Item: 1 ammo_rockets
 11:22 Kill: 0 1 7: Wout killed Major by MOD_ROCKET_SPLASH
 11:25 Item: 0 item_quad
 11:25 Item: 0 weapon_rocketlauncher
 11:25 Item: 0 weapon_rocketlauncher
 11:25 Item: 1 ammo_rockets
 11:27 Item: 1 weapon_rocketlauncher
 11:27 Item: 0 item_armor_body
 11:32 Kill: 0 1 7: Wout killed Major by MOD_ROCKET_SPLASH
 11:34 say: Major: I never saw that one coming wout.
 11:34 Item: 0 item_health_large
 11:36 Item: 1 weapon_rocketlauncher
 11:38 Item: 0 item_armor_shard
 11:38 Item: 0 item_armor_shard
 11:38 Item: 0 item_armor_shard
 11:38 Item: 0 item_armor_combat
 11:39 Item: 1 ammo_bullets
 11:44 Item: 0 item_armor_shard
 11:44 Item: 0 item_armor_shard
 11:44 Item: 0 item_armor_shard
 11:46 Kill: 1022 1 22: <world> killed Major by MOD_TRIGGER_HURT
 11:47 Item: 0 weapon_rocketlauncher
 11:51 Item: 1 weapon_rocketlauncher
 11:52 Item: 0 weapon_rocketlauncher
 11:55 Item: 0 item_armor_body
 11:56 Item: 0 ammo_slugs
 11:57 Item: 0 ammo_slugs
 11:58 Item: 1 ammo_bullets
 12:06 Kill: 1022 1 19: <world> killed Major by MOD_FALLING
 12:08 Item: 0 item_armor_combat
 12:10 Item: 1 weapon_rocketlauncher
 12:11 Item: 1 ammo_rockets
 12:23 Item: 1 item_quad
 12:24 Item: 0 ammo_bullets
 12:28 Kill: 0 1 3: Wout killed Major by MOD_MACHINEGUN
 12:32 Item: 0 item_health_large
 12:35 Item: 0 item_armor_body
 12:37 Item: 0 item_health_mega
 12:42 Item: 0 weapon_rocketlauncher
 12:43 Kill: 0 1 3: Wout killed Major by MOD_MACHINEGUN
 12:46 Item: 1 weapon_rocketlauncher
 12:59 Item: 1 ammo_slugs
 13:01 Kill: 0 1 10: Wout killed Major by MOD_RAILGUN
 13:05 Item: 1 weapon_rocketlauncher
 13:07 Item: 1 item_armor_body
 13:10 Item: 0 item_armor_shard
 13:10 Item: 0 item_armor_shard
 13:10 Item: 0 item_armor_shard
 13:11 Item: 0 item_armor_combat
 13:11 Item: 1 item_health_large
 13:13 Item: 0 ammo_bullets
 13:20 Item: 1 item_quad
 13:30 Item: 0 weapon_rocketlauncher
 13:30 Kill: 0 1 7: Wout killed Major by MOD_ROCKET_SPLASH
 13:31 Item: 0 item_quad
 13:34 Item: 0 item_armor_body
 13:34 Item: 1 ammo_rockets
 13:35 Item: 1 weapon_rocketlauncher
 13:42 Item: 1 ammo_slugs
 13:43 Item: 1 ammo_slugs
 13:47 Item: 0 item_armor_shard
 13:47 Item: 0 item_armor_shard
 13:47 Item: 0 item_armor_shard
 13:47 Item: 0 item_armor_combat
 13:49 Item: 1 weapon_rocketlauncher
 13:54 Item: 1 weapon_rocketlauncher
 13:56 Item: 1 ammo_rockets
 13:57 Item: 0 ammo_bullets
 14:00 Item: 1 ammo_bullets
 14:04 Item: 1 item_health_large
 14:06 Item: 1 ammo_shells
 14:08 Item: 0 item_armor_shard
 14:08 Item: 0 item_armor_shard
 14:08 Item: 0 item_armor_shard
 14:12 Item: 1 ammo_shells
 14:14 Item: 1 item_health_large
 14:17 Item: 1 weapon_shotgun
 14:18 ShutdownGame:
 14:18 ------------------------------------------------------------